Input #0, mov,mp4,m4a,3gp,3g2,mj2, from '/Volumes/AIGC/AI-CUT/projects/0622/素材/视频/操作展示/微信视频2026-06-21_220316_527.mp4':
  Metadata:
    major_brand     : isom
    minor_version   : 512
    compatible_brands: isomiso2avc1mp41
    encoder         : Lavf59.14.100
  Duration: 00:00:11.27, start: 0.000000, bitrate: 3014 kb/s
  Stream #0:0[0x1](und): Video: h264 (High) (avc1 / 0x31637661), yuv420p(tv, bt709, progressive), 720x1280, 2949 kb/s, 29.65 fps, 30 tbr, 90k tbn (default)
    Metadata:
      handler_name    : VideoHandler
      vendor_id       : [0][0][0][0]
  Stream #0:1[0x2](und): Audio: aac (HE-AAC) (mp4a / 0x6134706D), 44100 Hz, stereo, fltp, 56 kb/s (default)
    Metadata:
      handler_name    : SoundHandler
      vendor_id       : [0][0][0][0]
Stream mapping:
  Stream #0:0 (h264) -> scale:default
  Stream #0:0 (h264) -> scale:default
  format:default -> Stream #0:0 (libx264)
Press [q] to stop, [?] for help
[libx264 @ 0x900c70e00] using SAR=1/1
[libx264 @ 0x900c70e00] using cpu capabilities: ARMv8 NEON DotProd I8MM
[libx264 @ 0x900c70e00] profile High, level 3.1, 4:2:0, 8-bit
[libx264 @ 0x900c70e00] 264 - core 165 r3222 b35605a - H.264/MPEG-4 AVC codec - Copyleft 2003-2025 - http://www.videolan.org/x264.html - options: cabac=1 ref=1 deblock=1:0:0 analyse=0x3:0x113 me=hex subme=2 psy=1 psy_rd=1.00:0.00 mixed_ref=0 me_range=16 chroma_me=1 trellis=0 8x8dct=1 cqm=0 deadzone=21,11 fast_pskip=1 chroma_qp_offset=0 threads=15 lookahead_threads=5 sliced_threads=0 nr=0 decimate=1 interlaced=0 bluray_compat=0 constrained_intra=0 bframes=3 b_pyramid=2 b_adapt=1 b_bias=0 direct=1 weightb=1 open_gop=0 weightp=1 keyint=250 keyint_min=25 scenecut=40 intra_refresh=0 rc_lookahead=10 rc=crf mbtree=1 crf=18.0 qcomp=0.60 qpmin=0 qpmax=69 qpstep=4 ip_ratio=1.40 aq=1:1.00
Output #0, mp4, to '/Volumes/AIGC/AI-CUT/projects/0622/结果/文案3/auto-edit/edit/render_segments/seg_03_operation_demo.mp4':
  Metadata:
    major_brand     : isom
    minor_version   : 512
    compatible_brands: isomiso2avc1mp41
    encoder         : Lavf62.3.100
  Stream #0:0: Video: h264 (avc1 / 0x31637661), yuv420p(tv, bt709, progressive), 1280x720 [SAR 1:1 DAR 16:9], q=2-31, 30 fps, 15360 tbn
    Metadata:
      encoder         : Lavc62.11.100 libx264
    Side data:
      cpb: bitrate max/min/avg: 0/0/0 buffer size: 0 vbv_delay: N/A
frame=   28 fps=0.0 q=24.0 size=     256KiB time=00:00:00.90 bitrate=2330.6kbits/s speed=1.78x elapsed=0:00:00.50    
frame=   96 fps= 95 q=24.0 size=    1280KiB time=00:00:03.13 bitrate=3346.6kbits/s speed= 3.1x elapsed=0:00:01.01    
[mp4 @ 0x901043c00] Starting second pass: moving the moov atom to the beginning of the file
[out#0/mp4 @ 0x9010049c0] video:2112KiB audio:0KiB subtitle:0KiB other streams:0KiB global headers:0KiB muxing overhead: 0.124503%
frame=  147 fps=129 q=-1.0 Lsize=    2114KiB time=00:00:04.83 bitrate=3583.3kbits/s speed=4.25x elapsed=0:00:01.13    
[libx264 @ 0x900c70e00] frame I:1     Avg QP:20.39  size: 72370
[libx264 @ 0x900c70e00] frame P:37    Avg QP:19.41  size: 33364
[libx264 @ 0x900c70e00] frame B:109   Avg QP:22.02  size:  7841
[libx264 @ 0x900c70e00] consecutive B-frames:  0.7%  1.4%  0.0% 98.0%
[libx264 @ 0x900c70e00] mb I  I16..4: 12.9% 57.4% 29.7%
[libx264 @ 0x900c70e00] mb P  I16..4:  8.3% 23.8%  2.0%  P16..4: 27.1% 18.1% 10.3%  0.0%  0.0%    skip:10.4%
[libx264 @ 0x900c70e00] mb B  I16..4:  1.5%  1.2%  0.1%  B16..8: 21.4%  8.5%  1.6%  direct: 9.7%  skip:56.1%  L0:36.3% L1:42.9% BI:20.7%
[libx264 @ 0x900c70e00] 8x8 transform intra:64.5% inter:21.6%
[libx264 @ 0x900c70e00] coded y,uvDC,uvAC intra: 45.1% 40.8% 3.7% inter: 11.7% 11.9% 0.4%
[libx264 @ 0x900c70e00] i16 v,h,dc,p: 42% 21% 10% 27%
[libx264 @ 0x900c70e00] i8 v,h,dc,ddl,ddr,vr,hd,vl,hu: 29% 22% 13%  1%  9%  7% 11%  4%  3%
[libx264 @ 0x900c70e00] i4 v,h,dc,ddl,ddr,vr,hd,vl,hu: 31% 18% 20%  2% 11%  4%  8%  3%  3%
[libx264 @ 0x900c70e00] i8c dc,h,v,p: 51% 17% 21% 10%
[libx264 @ 0x900c70e00] Weighted P-Frames: Y:16.2% UV:8.1%
[libx264 @ 0x900c70e00] kb/s:3529.00
