Input #0, mov,mp4,m4a,3gp,3g2,mj2, from '/Volumes/AIGC/AI-CUT/projects/0622/素材/视频/影像内容/微信视频2026-06-21_220234_765.mp4':
  Metadata:
    major_brand     : isom
    minor_version   : 512
    compatible_brands: isomiso2avc1mp41
    AIGC            : {"ContentProducer":"00119144030008867405X210001","ContentPropagator":"001191310114074811922G00000","Label":"1","ProduceID":"v0d870g10004d649ulvog65u4m4bg1p0","PropagateID":137791495137085687}
    encoder         : Lavf59.14.100
  Duration: 00:00:15.07, start: 0.000000, bitrate: 4030 kb/s
  Stream #0:0[0x1](und): Video: h264 (High) (avc1 / 0x31637661), yuv420p(tv, bt709, progressive), 1680x720 [SAR 1:1 DAR 7:3], 3976 kb/s, 23.96 fps, 30 tbr, 90k tbn (default)
    Metadata:
      handler_name    : VideoHandler
      vendor_id       : [0][0][0][0]
  Stream #0:1[0x2](und): Audio: aac (HE-AAC) (mp4a / 0x6134706D), 44100 Hz, stereo, fltp, 56 kb/s (default)
    Metadata:
      handler_name    : SoundHandler
      vendor_id       : [0][0][0][0]
Stream mapping:
  Stream #0:0 (h264) -> scale:default
  Stream #0:0 (h264) -> scale:default
  format:default -> Stream #0:0 (libx264)
Press [q] to stop, [?] for help
[libx264 @ 0x9e8c54e00] using SAR=1/1
[libx264 @ 0x9e8c54e00] using cpu capabilities: ARMv8 NEON DotProd I8MM
[libx264 @ 0x9e8c54e00] profile High, level 3.1, 4:2:0, 8-bit
[libx264 @ 0x9e8c54e00] 264 - core 165 r3222 b35605a - H.264/MPEG-4 AVC codec - Copyleft 2003-2025 - http://www.videolan.org/x264.html - options: cabac=1 ref=1 deblock=1:0:0 analyse=0x3:0x113 me=hex subme=2 psy=1 psy_rd=1.00:0.00 mixed_ref=0 me_range=16 chroma_me=1 trellis=0 8x8dct=1 cqm=0 deadzone=21,11 fast_pskip=1 chroma_qp_offset=0 threads=15 lookahead_threads=5 sliced_threads=0 nr=0 decimate=1 interlaced=0 bluray_compat=0 constrained_intra=0 bframes=3 b_pyramid=2 b_adapt=1 b_bias=0 direct=1 weightb=1 open_gop=0 weightp=1 keyint=250 keyint_min=25 scenecut=40 intra_refresh=0 rc_lookahead=10 rc=crf mbtree=1 crf=18.0 qcomp=0.60 qpmin=0 qpmax=69 qpstep=4 ip_ratio=1.40 aq=1:1.00
Output #0, mp4, to '/Volumes/AIGC/AI-CUT/projects/0622/结果/文案3/auto-edit/edit/render_segments/seg_01_aigc_content.mp4':
  Metadata:
    major_brand     : isom
    minor_version   : 512
    compatible_brands: isomiso2avc1mp41
    AIGC            : {"ContentProducer":"00119144030008867405X210001","ContentPropagator":"001191310114074811922G00000","Label":"1","ProduceID":"v0d870g10004d649ulvog65u4m4bg1p0","PropagateID":137791495137085687}
    encoder         : Lavf62.3.100
  Stream #0:0: Video: h264 (avc1 / 0x31637661), yuv420p(tv, bt709, progressive), 1280x720 [SAR 1:1 DAR 16:9], q=2-31, 30 fps, 15360 tbn
    Metadata:
      encoder         : Lavc62.11.100 libx264
    Side data:
      cpb: bitrate max/min/avg: 0/0/0 buffer size: 0 vbv_delay: N/A
frame=   73 fps=0.0 q=24.0 size=    1280KiB time=00:00:02.36 bitrate=4430.8kbits/s speed=4.73x elapsed=0:00:00.50    
[mp4 @ 0x9e9063c00] Starting second pass: moving the moov atom to the beginning of the file
[out#0/mp4 @ 0x9e8c283c0] video:2755KiB audio:0KiB subtitle:0KiB other streams:0KiB global headers:0KiB muxing overhead: 0.082524%
frame=  148 fps=0.0 q=-1.0 Lsize=    2757KiB time=00:00:04.86 bitrate=4641.1kbits/s speed= 5.5x elapsed=0:00:00.88    
[libx264 @ 0x9e8c54e00] frame I:19    Avg QP:15.76  size: 36138
[libx264 @ 0x9e8c54e00] frame P:65    Avg QP:19.62  size: 21795
[libx264 @ 0x9e8c54e00] frame B:64    Avg QP:19.64  size: 11203
[libx264 @ 0x9e8c54e00] consecutive B-frames: 35.1% 16.2% 16.2% 32.4%
[libx264 @ 0x9e8c54e00] mb I  I16..4: 20.0% 46.4% 33.5%
[libx264 @ 0x9e8c54e00] mb P  I16..4: 16.1% 39.1%  9.7%  P16..4:  8.4%  6.3%  3.1%  0.0%  0.0%    skip:17.2%
[libx264 @ 0x9e8c54e00] mb B  I16..4:  4.4%  9.8%  2.6%  B16..8: 12.9%  8.6%  1.7%  direct: 4.7%  skip:55.4%  L0:43.9% L1:44.5% BI:11.6%
[libx264 @ 0x9e8c54e00] 8x8 transform intra:56.3% inter:21.4%
[libx264 @ 0x9e8c54e00] coded y,uvDC,uvAC intra: 57.8% 33.8% 5.2% inter: 10.8% 7.0% 0.0%
[libx264 @ 0x9e8c54e00] i16 v,h,dc,p: 21% 42% 12% 24%
[libx264 @ 0x9e8c54e00] i8 v,h,dc,ddl,ddr,vr,hd,vl,hu: 19% 37% 16%  3%  5%  4%  6%  5%  6%
[libx264 @ 0x9e8c54e00] i4 v,h,dc,ddl,ddr,vr,hd,vl,hu: 22% 35% 14%  2%  7%  4%  6%  4%  5%
[libx264 @ 0x9e8c54e00] i8c dc,h,v,p: 53% 30% 14%  3%
[libx264 @ 0x9e8c54e00] Weighted P-Frames: Y:0.0% UV:0.0%
[libx264 @ 0x9e8c54e00] kb/s:4573.49
