Input #0, mov,mp4,m4a,3gp,3g2,mj2, from '/Volumes/AIGC/AI-CUT/projects/0622/素材/视频/影像内容/微信视频2026-06-21_220234_765.mp4':
  Metadata:
    major_brand     : isom
    minor_version   : 512
    compatible_brands: isomiso2avc1mp41
    AIGC            : {"ContentProducer":"00119144030008867405X210001","ContentPropagator":"001191310114074811922G00000","Label":"1","ProduceID":"v0d870g10004d649ulvog65u4m4bg1p0","PropagateID":137791495137085687}
    encoder         : Lavf59.14.100
  Duration: 00:00:15.07, start: 0.000000, bitrate: 4030 kb/s
  Stream #0:0[0x1](und): Video: h264 (High) (avc1 / 0x31637661), yuv420p(tv, bt709, progressive), 1680x720 [SAR 1:1 DAR 7:3], 3976 kb/s, 23.96 fps, 30 tbr, 90k tbn (default)
    Metadata:
      handler_name    : VideoHandler
      vendor_id       : [0][0][0][0]
  Stream #0:1[0x2](und): Audio: aac (HE-AAC) (mp4a / 0x6134706D), 44100 Hz, stereo, fltp, 56 kb/s (default)
    Metadata:
      handler_name    : SoundHandler
      vendor_id       : [0][0][0][0]
Stream mapping:
  Stream #0:0 (h264) -> scale:default
  Stream #0:0 (h264) -> scale:default
  format:default -> Stream #0:0 (libx264)
Press [q] to stop, [?] for help
[libx264 @ 0xc20c80e00] using SAR=1/1
[libx264 @ 0xc20c80e00] using cpu capabilities: ARMv8 NEON DotProd I8MM
[libx264 @ 0xc20c80e00] profile High, level 3.1, 4:2:0, 8-bit
[libx264 @ 0xc20c80e00] 264 - core 165 r3222 b35605a - H.264/MPEG-4 AVC codec - Copyleft 2003-2025 - http://www.videolan.org/x264.html - options: cabac=1 ref=1 deblock=1:0:0 analyse=0x3:0x113 me=hex subme=2 psy=1 psy_rd=1.00:0.00 mixed_ref=0 me_range=16 chroma_me=1 trellis=0 8x8dct=1 cqm=0 deadzone=21,11 fast_pskip=1 chroma_qp_offset=0 threads=15 lookahead_threads=5 sliced_threads=0 nr=0 decimate=1 interlaced=0 bluray_compat=0 constrained_intra=0 bframes=3 b_pyramid=2 b_adapt=1 b_bias=0 direct=1 weightb=1 open_gop=0 weightp=1 keyint=250 keyint_min=25 scenecut=40 intra_refresh=0 rc_lookahead=10 rc=crf mbtree=1 crf=18.0 qcomp=0.60 qpmin=0 qpmax=69 qpstep=4 ip_ratio=1.40 aq=1:1.00
Output #0, mp4, to '/Volumes/AIGC/AI-CUT/projects/0622/结果/文案3/auto-edit/edit/render_segments/seg_05_aigc_content.mp4':
  Metadata:
    major_brand     : isom
    minor_version   : 512
    compatible_brands: isomiso2avc1mp41
    AIGC            : {"ContentProducer":"00119144030008867405X210001","ContentPropagator":"001191310114074811922G00000","Label":"1","ProduceID":"v0d870g10004d649ulvog65u4m4bg1p0","PropagateID":137791495137085687}
    encoder         : Lavf62.3.100
  Stream #0:0: Video: h264 (avc1 / 0x31637661), yuv420p(tv, bt709, progressive), 1280x720 [SAR 1:1 DAR 16:9], q=2-31, 30 fps, 15360 tbn
    Metadata:
      encoder         : Lavc62.11.100 libx264
    Side data:
      cpb: bitrate max/min/avg: 0/0/0 buffer size: 0 vbv_delay: N/A
frame=   86 fps=0.0 q=24.0 size=    1536KiB time=00:00:02.80 bitrate=4494.0kbits/s dup=1 drop=0 speed=5.54x elapsed=0:00:00.50    
[mp4 @ 0xc2105fc00] Starting second pass: moving the moov atom to the beginning of the file
[out#0/mp4 @ 0xc20c2c3c0] video:2541KiB audio:0KiB subtitle:0KiB other streams:0KiB global headers:0KiB muxing overhead: 0.086409%
frame=  137 fps=0.0 q=-1.0 Lsize=    2543KiB time=00:00:04.50 bitrate=4629.0kbits/s dup=1 drop=0 speed=6.83x elapsed=0:00:00.65    
[libx264 @ 0xc20c80e00] frame I:15    Avg QP:16.38  size: 38715
[libx264 @ 0xc20c80e00] frame P:63    Avg QP:19.97  size: 24232
[libx264 @ 0xc20c80e00] frame B:59    Avg QP:20.09  size:  8365
[libx264 @ 0xc20c80e00] consecutive B-frames: 35.8% 17.5%  8.8% 38.0%
[libx264 @ 0xc20c80e00] mb I  I16..4: 16.1% 47.7% 36.1%
[libx264 @ 0xc20c80e00] mb P  I16..4: 13.8% 40.5% 10.3%  P16..4:  9.1%  7.5%  3.9%  0.0%  0.0%    skip:14.9%
[libx264 @ 0xc20c80e00] mb B  I16..4:  2.0%  4.5%  1.1%  B16..8: 15.1%  8.9%  1.8%  direct: 5.2%  skip:61.4%  L0:45.7% L1:37.9% BI:16.4%
[libx264 @ 0xc20c80e00] 8x8 transform intra:58.7% inter:22.4%
[libx264 @ 0xc20c80e00] coded y,uvDC,uvAC intra: 59.6% 40.0% 7.0% inter: 10.4% 9.5% 0.1%
[libx264 @ 0xc20c80e00] i16 v,h,dc,p: 19% 40% 12% 30%
[libx264 @ 0xc20c80e00] i8 v,h,dc,ddl,ddr,vr,hd,vl,hu: 16% 35% 15%  3%  6%  4% 10%  5%  6%
[libx264 @ 0xc20c80e00] i4 v,h,dc,ddl,ddr,vr,hd,vl,hu: 18% 33% 14%  2%  9%  4% 11%  4%  5%
[libx264 @ 0xc20c80e00] i8c dc,h,v,p: 52% 29% 15%  4%
[libx264 @ 0xc20c80e00] Weighted P-Frames: Y:0.0% UV:0.0%
[libx264 @ 0xc20c80e00] kb/s:4556.33
