Input #0, mov,mp4,m4a,3gp,3g2,mj2, from '/Volumes/AIGC/AI-CUT/projects/0622/素材/视频/工具使用/1.mp4':
  Metadata:
    major_brand     : isom
    minor_version   : 512
    compatible_brands: isomiso2avc1mp41
    encoder         : Lavf59.14.100
  Duration: 00:00:52.01, start: 0.000000, bitrate: 1754 kb/s
  Stream #0:0[0x1](und): Video: h264 (High) (avc1 / 0x31637661), yuv420p(tv, bt709/smpte432/bt709, progressive), 960x720, 1691 kb/s, 30 fps, 30 tbr, 90k tbn (default)
    Metadata:
      handler_name    : VideoHandler
      vendor_id       : [0][0][0][0]
  Stream #0:1[0x2](und): Audio: aac (HE-AAC) (mp4a / 0x6134706D), 44100 Hz, stereo, fltp, 56 kb/s (default)
    Metadata:
      handler_name    : SoundHandler
      vendor_id       : [0][0][0][0]
Stream mapping:
  Stream #0:0 (h264) -> scale:default
  Stream #0:0 (h264) -> scale:default
  format:default -> Stream #0:0 (libx264)
Press [q] to stop, [?] for help
[libx264 @ 0x81ac7ce00] using SAR=1/1
[libx264 @ 0x81ac7ce00] using cpu capabilities: ARMv8 NEON DotProd I8MM
[libx264 @ 0x81ac7ce00] profile High, level 3.1, 4:2:0, 8-bit
[libx264 @ 0x81ac7ce00] 264 - core 165 r3222 b35605a - H.264/MPEG-4 AVC codec - Copyleft 2003-2025 - http://www.videolan.org/x264.html - options: cabac=1 ref=1 deblock=1:0:0 analyse=0x3:0x113 me=hex subme=2 psy=1 psy_rd=1.00:0.00 mixed_ref=0 me_range=16 chroma_me=1 trellis=0 8x8dct=1 cqm=0 deadzone=21,11 fast_pskip=1 chroma_qp_offset=0 threads=15 lookahead_threads=5 sliced_threads=0 nr=0 decimate=1 interlaced=0 bluray_compat=0 constrained_intra=0 bframes=3 b_pyramid=2 b_adapt=1 b_bias=0 direct=1 weightb=1 open_gop=0 weightp=1 keyint=250 keyint_min=25 scenecut=40 intra_refresh=0 rc_lookahead=10 rc=crf mbtree=1 crf=18.0 qcomp=0.60 qpmin=0 qpmax=69 qpstep=4 ip_ratio=1.40 aq=1:1.00
Output #0, mp4, to '/Volumes/AIGC/AI-CUT/projects/0622/结果/文案3/auto-edit/edit/render_segments/seg_02_tool_display.mp4':
  Metadata:
    major_brand     : isom
    minor_version   : 512
    compatible_brands: isomiso2avc1mp41
    encoder         : Lavf62.3.100
  Stream #0:0: Video: h264 (avc1 / 0x31637661), yuv420p(tv, bt709/smpte432/bt709, progressive), 1280x720 [SAR 1:1 DAR 16:9], q=2-31, 30 fps, 15360 tbn
    Metadata:
      encoder         : Lavc62.11.100 libx264
    Side data:
      cpb: bitrate max/min/avg: 0/0/0 buffer size: 0 vbv_delay: N/A
frame=   26 fps=0.0 q=24.0 size=     256KiB time=00:00:00.80 bitrate=2621.9kbits/s speed= 1.6x elapsed=0:00:00.50    
frame=   80 fps= 79 q=24.0 size=    1024KiB time=00:00:02.60 bitrate=3226.5kbits/s speed=2.58x elapsed=0:00:01.00    
[mp4 @ 0x81b063c00] Starting second pass: moving the moov atom to the beginning of the file
[out#0/mp4 @ 0x81ac28480] video:1975KiB audio:0KiB subtitle:0KiB other streams:0KiB global headers:0KiB muxing overhead: 0.125594%
frame=  139 fps=110 q=-1.0 Lsize=    1977KiB time=00:00:04.56 bitrate=3547.3kbits/s speed=3.62x elapsed=0:00:01.26    
[libx264 @ 0x81ac7ce00] frame I:1     Avg QP:17.62  size: 65165
[libx264 @ 0x81ac7ce00] frame P:37    Avg QP:17.75  size: 30828
[libx264 @ 0x81ac7ce00] frame B:101   Avg QP:21.52  size:  8078
[libx264 @ 0x81ac7ce00] consecutive B-frames:  1.4%  1.4% 10.8% 86.3%
[libx264 @ 0x81ac7ce00] mb I  I16..4: 22.3% 36.7% 41.0%
[libx264 @ 0x81ac7ce00] mb P  I16..4: 14.6% 14.6%  4.8%  P16..4: 27.0% 15.8%  8.7%  0.0%  0.0%    skip:14.4%
[libx264 @ 0x81ac7ce00] mb B  I16..4:  2.6%  2.0%  0.4%  B16..8: 24.8% 10.2%  1.4%  direct: 6.4%  skip:52.2%  L0:42.1% L1:42.2% BI:15.6%
[libx264 @ 0x81ac7ce00] 8x8 transform intra:41.7% inter:23.8%
[libx264 @ 0x81ac7ce00] coded y,uvDC,uvAC intra: 37.1% 35.7% 12.0% inter: 11.5% 9.4% 1.2%
[libx264 @ 0x81ac7ce00] i16 v,h,dc,p: 42% 36% 13%  9%
[libx264 @ 0x81ac7ce00] i8 v,h,dc,ddl,ddr,vr,hd,vl,hu: 15% 43% 22%  2%  5%  3%  6%  2%  3%
[libx264 @ 0x81ac7ce00] i4 v,h,dc,ddl,ddr,vr,hd,vl,hu: 22% 43% 19%  1%  4%  2%  3%  2%  3%
[libx264 @ 0x81ac7ce00] i8c dc,h,v,p: 57% 24% 16%  4%
[libx264 @ 0x81ac7ce00] Weighted P-Frames: Y:5.4% UV:2.7%
[libx264 @ 0x81ac7ce00] kb/s:3490.70
