Input #0, mov,mp4,m4a,3gp,3g2,mj2, from '/Volumes/AIGC/AI-CUT/projects/0622/素材/视频/工具使用/1.mp4':
  Metadata:
    major_brand     : isom
    minor_version   : 512
    compatible_brands: isomiso2avc1mp41
    encoder         : Lavf59.14.100
  Duration: 00:00:52.01, start: 0.000000, bitrate: 1754 kb/s
  Stream #0:0[0x1](und): Video: h264 (High) (avc1 / 0x31637661), yuv420p(tv, bt709/smpte432/bt709, progressive), 960x720, 1691 kb/s, 30 fps, 30 tbr, 90k tbn (default)
    Metadata:
      handler_name    : VideoHandler
      vendor_id       : [0][0][0][0]
  Stream #0:1[0x2](und): Audio: aac (HE-AAC) (mp4a / 0x6134706D), 44100 Hz, stereo, fltp, 56 kb/s (default)
    Metadata:
      handler_name    : SoundHandler
      vendor_id       : [0][0][0][0]
Stream mapping:
  Stream #0:0 (h264) -> scale:default
  Stream #0:0 (h264) -> scale:default
  format:default -> Stream #0:0 (libx264)
Press [q] to stop, [?] for help
[libx264 @ 0x8b4c8ce00] using SAR=1/1
[libx264 @ 0x8b4c8ce00] using cpu capabilities: ARMv8 NEON DotProd I8MM
[libx264 @ 0x8b4c8ce00] profile High, level 3.1, 4:2:0, 8-bit
[libx264 @ 0x8b4c8ce00] 264 - core 165 r3222 b35605a - H.264/MPEG-4 AVC codec - Copyleft 2003-2025 - http://www.videolan.org/x264.html - options: cabac=1 ref=1 deblock=1:0:0 analyse=0x3:0x113 me=hex subme=2 psy=1 psy_rd=1.00:0.00 mixed_ref=0 me_range=16 chroma_me=1 trellis=0 8x8dct=1 cqm=0 deadzone=21,11 fast_pskip=1 chroma_qp_offset=0 threads=15 lookahead_threads=5 sliced_threads=0 nr=0 decimate=1 interlaced=0 bluray_compat=0 constrained_intra=0 bframes=3 b_pyramid=2 b_adapt=1 b_bias=0 direct=1 weightb=1 open_gop=0 weightp=1 keyint=250 keyint_min=25 scenecut=40 intra_refresh=0 rc_lookahead=10 rc=crf mbtree=1 crf=18.0 qcomp=0.60 qpmin=0 qpmax=69 qpstep=4 ip_ratio=1.40 aq=1:1.00
Output #0, mp4, to '/Volumes/AIGC/AI-CUT/projects/0622/结果/文案3/auto-edit/edit/render_segments/seg_04_tool_display.mp4':
  Metadata:
    major_brand     : isom
    minor_version   : 512
    compatible_brands: isomiso2avc1mp41
    encoder         : Lavf62.3.100
  Stream #0:0: Video: h264 (avc1 / 0x31637661), yuv420p(tv, bt709/smpte432/bt709, progressive), 1280x720 [SAR 1:1 DAR 16:9], q=2-31, 30 fps, 15360 tbn
    Metadata:
      encoder         : Lavc62.11.100 libx264
    Side data:
      cpb: bitrate max/min/avg: 0/0/0 buffer size: 0 vbv_delay: N/A
frame=   75 fps=0.0 q=24.0 size=     768KiB time=00:00:02.43 bitrate=2585.7kbits/s speed=4.85x elapsed=0:00:00.50    
frame=  138 fps=137 q=24.0 size=    1792KiB time=00:00:04.53 bitrate=3238.3kbits/s speed= 4.5x elapsed=0:00:01.00    
[mp4 @ 0x8b504fc00] Starting second pass: moving the moov atom to the beginning of the file
[out#0/mp4 @ 0x8b5048480] video:2407KiB audio:0KiB subtitle:0KiB other streams:0KiB global headers:0KiB muxing overhead: 0.129185%
frame=  194 fps=171 q=-1.0 Lsize=    2410KiB time=00:00:06.40 bitrate=3084.8kbits/s speed=5.64x elapsed=0:00:01.13    
[libx264 @ 0x8b4c8ce00] frame I:1     Avg QP:17.32  size: 83447
[libx264 @ 0x8b4c8ce00] frame P:65    Avg QP:18.22  size: 26359
[libx264 @ 0x8b4c8ce00] frame B:128   Avg QP:21.30  size:  5212
[libx264 @ 0x8b4c8ce00] consecutive B-frames:  7.2% 12.4%  6.2% 74.2%
[libx264 @ 0x8b4c8ce00] mb I  I16..4: 27.6% 27.0% 45.4%
[libx264 @ 0x8b4c8ce00] mb P  I16..4: 12.5% 13.2%  4.0%  P16..4: 29.3% 15.1%  8.0%  0.0%  0.0%    skip:17.9%
[libx264 @ 0x8b4c8ce00] mb B  I16..4:  1.8%  0.8%  0.1%  B16..8: 23.3%  7.8%  1.0%  direct: 4.6%  skip:60.5%  L0:37.3% L1:47.4% BI:15.3%
[libx264 @ 0x8b4c8ce00] 8x8 transform intra:41.5% inter:25.7%
[libx264 @ 0x8b4c8ce00] coded y,uvDC,uvAC intra: 35.9% 42.1% 15.3% inter: 9.7% 9.3% 1.0%
[libx264 @ 0x8b4c8ce00] i16 v,h,dc,p: 45% 35% 13%  8%
[libx264 @ 0x8b4c8ce00] i8 v,h,dc,ddl,ddr,vr,hd,vl,hu: 24% 41% 22%  1%  3%  2%  3%  2%  2%
[libx264 @ 0x8b4c8ce00] i4 v,h,dc,ddl,ddr,vr,hd,vl,hu: 28% 38% 17%  1%  4%  2%  4%  2%  3%
[libx264 @ 0x8b4c8ce00] i8c dc,h,v,p: 47% 27% 21%  4%
[libx264 @ 0x8b4c8ce00] Weighted P-Frames: Y:7.7% UV:0.0%
[libx264 @ 0x8b4c8ce00] kb/s:3048.23
