-filter_complex_script is deprecated, use -/filter_complex projects/0622/结果/文案6/auto-edit/edit/render_filtergraph.txt instead
[Parsed_subtitles_43 @ 0x89b006c40] libass API version: 0x1704000
[Parsed_subtitles_43 @ 0x89b006c40] libass source: tarball: 0.17.4
[Parsed_subtitles_43 @ 0x89b006c40] Shaper: FriBidi 1.0.16 (SIMPLE) HarfBuzz-ng 12.1.0 (COMPLEX)
[Parsed_subtitles_43 @ 0x89b006c40] Using font provider coretext
Input #0, mov,mp4,m4a,3gp,3g2,mj2, from 'projects/0622/素材/视频/影像内容/微信视频2026-06-21_220234_765.mp4':
  Metadata:
    major_brand     : isom
    minor_version   : 512
    compatible_brands: isomiso2avc1mp41
    AIGC            : {"ContentProducer":"00119144030008867405X210001","ContentPropagator":"001191310114074811922G00000","Label":"1","ProduceID":"v0d870g10004d649ulvog65u4m4bg1p0","PropagateID":137791495137085687}
    encoder         : Lavf59.14.100
  Duration: 00:00:15.07, start: 0.000000, bitrate: 4030 kb/s
  Stream #0:0[0x1](und): Video: h264 (High) (avc1 / 0x31637661), yuv420p(tv, bt709, progressive), 1680x720 [SAR 1:1 DAR 7:3], 3976 kb/s, 23.96 fps, 30 tbr, 90k tbn (default)
    Metadata:
      handler_name    : VideoHandler
      vendor_id       : [0][0][0][0]
  Stream #0:1[0x2](und): Audio: aac (HE-AAC) (mp4a / 0x6134706D), 44100 Hz, stereo, fltp, 56 kb/s (default)
    Metadata:
      handler_name    : SoundHandler
      vendor_id       : [0][0][0][0]
Input #1, mov,mp4,m4a,3gp,3g2,mj2, from 'projects/0622/素材/视频/工具使用/1.mp4':
  Metadata:
    major_brand     : isom
    minor_version   : 512
    compatible_brands: isomiso2avc1mp41
    encoder         : Lavf59.14.100
  Duration: 00:00:52.01, start: 0.000000, bitrate: 1754 kb/s
  Stream #1:0[0x1](und): Video: h264 (High) (avc1 / 0x31637661), yuv420p(tv, bt709/smpte432/bt709, progressive), 960x720, 1691 kb/s, 30 fps, 30 tbr, 90k tbn (default)
    Metadata:
      handler_name    : VideoHandler
      vendor_id       : [0][0][0][0]
  Stream #1:1[0x2](und): Audio: aac (HE-AAC) (mp4a / 0x6134706D), 44100 Hz, stereo, fltp, 56 kb/s (default)
    Metadata:
      handler_name    : SoundHandler
      vendor_id       : [0][0][0][0]
Input #2, mov,mp4,m4a,3gp,3g2,mj2, from 'projects/0622/素材/视频/操作展示/微信视频2026-06-21_220316_527.mp4':
  Metadata:
    major_brand     : isom
    minor_version   : 512
    compatible_brands: isomiso2avc1mp41
    encoder         : Lavf59.14.100
  Duration: 00:00:11.27, start: 0.000000, bitrate: 3014 kb/s
  Stream #2:0[0x1](und): Video: h264 (High) (avc1 / 0x31637661), yuv420p(tv, bt709, progressive), 720x1280, 2949 kb/s, 29.65 fps, 30 tbr, 90k tbn (default)
    Metadata:
      handler_name    : VideoHandler
      vendor_id       : [0][0][0][0]
  Stream #2:1[0x2](und): Audio: aac (HE-AAC) (mp4a / 0x6134706D), 44100 Hz, stereo, fltp, 56 kb/s (default)
    Metadata:
      handler_name    : SoundHandler
      vendor_id       : [0][0][0][0]
Input #3, mov,mp4,m4a,3gp,3g2,mj2, from 'projects/0622/素材/视频/工具使用/1.mp4':
  Metadata:
    major_brand     : isom
    minor_version   : 512
    compatible_brands: isomiso2avc1mp41
    encoder         : Lavf59.14.100
  Duration: 00:00:52.01, start: 0.000000, bitrate: 1754 kb/s
  Stream #3:0[0x1](und): Video: h264 (High) (avc1 / 0x31637661), yuv420p(tv, bt709/smpte432/bt709, progressive), 960x720, 1691 kb/s, 30 fps, 30 tbr, 90k tbn (default)
    Metadata:
      handler_name    : VideoHandler
      vendor_id       : [0][0][0][0]
  Stream #3:1[0x2](und): Audio: aac (HE-AAC) (mp4a / 0x6134706D), 44100 Hz, stereo, fltp, 56 kb/s (default)
    Metadata:
      handler_name    : SoundHandler
      vendor_id       : [0][0][0][0]
Input #4, mov,mp4,m4a,3gp,3g2,mj2, from 'projects/0622/素材/视频/操作展示/微信视频2026-06-21_220316_527.mp4':
  Metadata:
    major_brand     : isom
    minor_version   : 512
    compatible_brands: isomiso2avc1mp41
    encoder         : Lavf59.14.100
  Duration: 00:00:11.27, start: 0.000000, bitrate: 3014 kb/s
  Stream #4:0[0x1](und): Video: h264 (High) (avc1 / 0x31637661), yuv420p(tv, bt709, progressive), 720x1280, 2949 kb/s, 29.65 fps, 30 tbr, 90k tbn (default)
    Metadata:
      handler_name    : VideoHandler
      vendor_id       : [0][0][0][0]
  Stream #4:1[0x2](und): Audio: aac (HE-AAC) (mp4a / 0x6134706D), 44100 Hz, stereo, fltp, 56 kb/s (default)
    Metadata:
      handler_name    : SoundHandler
      vendor_id       : [0][0][0][0]
Input #5, mov,mp4,m4a,3gp,3g2,mj2, from 'projects/0622/素材/视频/影像内容/微信视频2026-06-21_220234_765.mp4':
  Metadata:
    major_brand     : isom
    minor_version   : 512
    compatible_brands: isomiso2avc1mp41
    AIGC            : {"ContentProducer":"00119144030008867405X210001","ContentPropagator":"001191310114074811922G00000","Label":"1","ProduceID":"v0d870g10004d649ulvog65u4m4bg1p0","PropagateID":137791495137085687}
    encoder         : Lavf59.14.100
  Duration: 00:00:15.07, start: 0.000000, bitrate: 4030 kb/s
  Stream #5:0[0x1](und): Video: h264 (High) (avc1 / 0x31637661), yuv420p(tv, bt709, progressive), 1680x720 [SAR 1:1 DAR 7:3], 3976 kb/s, 23.96 fps, 30 tbr, 90k tbn (default)
    Metadata:
      handler_name    : VideoHandler
      vendor_id       : [0][0][0][0]
  Stream #5:1[0x2](und): Audio: aac (HE-AAC) (mp4a / 0x6134706D), 44100 Hz, stereo, fltp, 56 kb/s (default)
    Metadata:
      handler_name    : SoundHandler
      vendor_id       : [0][0][0][0]
Input #6, mp3, from 'projects/0622/素材/音频/文案6-音频.mp3':
  Metadata:
    AIGC            : {"Label":"1","ContentProducer":"MiniMax","ProduceID":"0687f43b20fc27fc332305c8e3c75e40","ReservedCode1":"{\"SecurityData\":{\"Type\":\"TC260PG\",\"Version\":1,\"PubSD\":[{\"Type\":\"DS\",\"AlgID\":\"1.2.156.10197.1.501\",\"TBSData\":{\"Type\":\"LabelMataD
    encoder         : Lavf59.27.100
  Duration: 00:00:23.36, start: 0.016531, bitrate: 128 kb/s
  Stream #6:0: Audio: mp3 (mp3float), 32000 Hz, mono, fltp, 128 kb/s, start 0.016531
Stream mapping:
  Stream #0:0 (h264) -> trim:default
  Stream #1:0 (h264) -> trim:default
  Stream #2:0 (h264) -> trim:default
  Stream #3:0 (h264) -> trim:default
  Stream #4:0 (h264) -> trim:default
  Stream #5:0 (h264) -> trim:default
  subtitles:default -> Stream #0:0 (libx264)
  Stream #6:0 -> #0:1 (mp3 (mp3float) -> aac (native))
Press [q] to stop, [?] for help
[Parsed_subtitles_43 @ 0x89b3f1bc0] libass API version: 0x1704000
[Parsed_subtitles_43 @ 0x89b3f1bc0] libass source: tarball: 0.17.4
[Parsed_subtitles_43 @ 0x89b3f1bc0] Shaper: FriBidi 1.0.16 (SIMPLE) HarfBuzz-ng 12.1.0 (COMPLEX)
[Parsed_subtitles_43 @ 0x89b3f1bc0] Using font provider coretext
[libx264 @ 0x89ad4a300] using SAR=1/1
[libx264 @ 0x89ad4a300] using cpu capabilities: ARMv8 NEON DotProd I8MM
[libx264 @ 0x89ad4a300] profile High, level 3.1, 4:2:0, 8-bit
[libx264 @ 0x89ad4a300] 264 - core 165 r3222 b35605a - H.264/MPEG-4 AVC codec - Copyleft 2003-2025 - http://www.videolan.org/x264.html - options: cabac=1 ref=1 deblock=1:0:0 analyse=0x3:0x113 me=hex subme=2 psy=1 psy_rd=1.00:0.00 mixed_ref=0 me_range=16 chroma_me=1 trellis=0 8x8dct=1 cqm=0 deadzone=21,11 fast_pskip=1 chroma_qp_offset=0 threads=15 lookahead_threads=5 sliced_threads=0 nr=0 decimate=1 interlaced=0 bluray_compat=0 constrained_intra=0 bframes=3 b_pyramid=2 b_adapt=1 b_bias=0 direct=1 weightb=1 open_gop=0 weightp=1 keyint=250 keyint_min=25 scenecut=40 intra_refresh=0 rc_lookahead=10 rc=crf mbtree=1 crf=20.0 qcomp=0.60 qpmin=0 qpmax=69 qpstep=4 ip_ratio=1.40 aq=1:1.00
Output #0, mp4, to 'projects/0622/结果/文案6/文案6_final.mp4':
  Metadata:
    major_brand     : isom
    minor_version   : 512
    compatible_brands: isomiso2avc1mp41
    AIGC            : {"ContentProducer":"00119144030008867405X210001","ContentPropagator":"001191310114074811922G00000","Label":"1","ProduceID":"v0d870g10004d649ulvog65u4m4bg1p0","PropagateID":137791495137085687}
    encoder         : Lavf62.3.100
  Stream #0:0: Video: h264 (avc1 / 0x31637661), yuv420p(tv, bt709, progressive), 1280x720 [SAR 1:1 DAR 16:9], q=2-31, 30 fps, 15360 tbn
    Metadata:
      encoder         : Lavc62.11.100 libx264
    Side data:
      cpb: bitrate max/min/avg: 0/0/0 buffer size: 0 vbv_delay: N/A
  Stream #0:1: Audio: aac (LC) (mp4a / 0x6134706D), 32000 Hz, mono, fltp, 160 kb/s
    Metadata:
      encoder         : Lavc62.11.100 aac
[Parsed_subtitles_43 @ 0x89b3f1bc0] Error opening font: '/System/Library/PrivateFrameworks/FontServices.framework/Resources/Reserved/PingFangUI.ttc', 0
[Parsed_subtitles_43 @ 0x89b3f1bc0] Error opening font: '/System/Library/PrivateFrameworks/FontServices.framework/Resources/Reserved/PingFangUI.ttc', 0
[Parsed_subtitles_43 @ 0x89b3f1bc0] Error opening font: '/System/Library/PrivateFrameworks/FontServices.framework/Resources/Reserved/PingFangUI.ttc', 0
[Parsed_subtitles_43 @ 0x89b3f1bc0] Error opening font: '/System/Library/PrivateFrameworks/FontServices.framework/Resources/Reserved/PingFangUI.ttc', 0
[Parsed_subtitles_43 @ 0x89b3f1bc0] Error opening font: '/System/Library/PrivateFrameworks/FontServices.framework/Resources/Reserved/PingFangUI.ttc', 0
[Parsed_subtitles_43 @ 0x89b3f1bc0] Error opening font: '/System/Library/PrivateFrameworks/FontServices.framework/Resources/Reserved/PingFangUI.ttc', 0
[Parsed_subtitles_43 @ 0x89b3f1bc0] fontselect: (PingFang SC, 400, 0) -> /System/Library/AssetsV2/com_apple_MobileAsset_Font8/86ba2c91f017a3749571a82f2c6d890ac7ffb2fb.asset/AssetData/PingFang.ttc, -1, PingFangSC-Regular
frame=   56 fps=0.0 q=26.0 size=     512KiB time=00:00:01.80 bitrate=2330.4kbits/s speed=3.56x elapsed=0:00:00.50    frame=  147 fps=146 q=26.0 size=    2304KiB time=00:00:04.83 bitrate=3905.1kbits/s speed=4.79x elapsed=0:00:01.01    frame=  272 fps=180 q=26.0 size=    3840KiB time=00:00:09.00 bitrate=3495.3kbits/s speed=5.94x elapsed=0:00:01.51    frame=  292 fps=145 q=26.0 size=    4096KiB time=00:00:09.66 bitrate=3471.2kbits/s speed=4.79x elapsed=0:00:02.01    frame=  323 fps=128 q=26.0 size=    4352KiB time=00:00:10.70 bitrate=3332.0kbits/s speed=4.25x elapsed=0:00:02.51    frame=  432 fps=143 q=26.0 size=    5376KiB time=00:00:15.52 bitrate=2837.7kbits/s speed=5.13x elapsed=0:00:03.02    frame=  568 fps=161 q=26.0 size=    6912KiB time=00:00:20.09 bitrate=2817.6kbits/s speed=5.69x elapsed=0:00:03.52    [mp4 @ 0x89b03de00] Starting second pass: moving the moov atom to the beginning of the file
[out#0/mp4 @ 0x89b005d40] video:7917KiB audio:380KiB subtitle:0KiB other streams:0KiB global headers:0KiB muxing overhead: 0.222079%
frame=  700 fps=176 q=-1.0 Lsize=    8316KiB time=00:00:23.26 bitrate=2927.9kbits/s speed=5.86x elapsed=0:00:03.97    
[libx264 @ 0x89ad4a300] frame I:6     Avg QP:15.81  size: 61124
[libx264 @ 0x89ad4a300] frame P:218   Avg QP:20.76  size: 23427
[libx264 @ 0x89ad4a300] frame B:476   Avg QP:25.18  size:  5531
[libx264 @ 0x89ad4a300] consecutive B-frames:  5.1% 10.0%  7.7% 77.1%
[libx264 @ 0x89ad4a300] mb I  I16..4: 30.9% 32.2% 36.9%
[libx264 @ 0x89ad4a300] mb P  I16..4: 15.3% 21.9%  5.3%  P16..4: 16.3% 10.2%  6.0%  0.0%  0.0%    skip:24.9%
[libx264 @ 0x89ad4a300] mb B  I16..4:  1.6%  3.1%  0.5%  B16..8: 12.3%  6.2%  0.9%  direct: 4.8%  skip:70.6%  L0:37.2% L1:42.2% BI:20.7%
[libx264 @ 0x89ad4a300] 8x8 transform intra:52.0% inter:23.9%
[libx264 @ 0x89ad4a300] coded y,uvDC,uvAC intra: 45.9% 28.4% 6.0% inter: 9.2% 4.8% 0.3%
[libx264 @ 0x89ad4a300] i16 v,h,dc,p: 56% 29%  9%  6%
[libx264 @ 0x89ad4a300] i8 v,h,dc,ddl,ddr,vr,hd,vl,hu: 19% 38% 20%  2%  4%  3%  5%  3%  6%
[libx264 @ 0x89ad4a300] i4 v,h,dc,ddl,ddr,vr,hd,vl,hu: 23% 34% 14%  2%  8%  4%  6%  4%  5%
[libx264 @ 0x89ad4a300] i8c dc,h,v,p: 58% 27% 13%  2%
[libx264 @ 0x89ad4a300] Weighted P-Frames: Y:7.8% UV:1.8%
[libx264 @ 0x89ad4a300] kb/s:2779.43
[aac @ 0x89ad4aa00] Qavg: 64536.656
