Input #0, mov,mp4,m4a,3gp,3g2,mj2, from '/Volumes/AIGC/AI-CUT/projects/0622/素材/视频/影像内容/微信视频2026-06-21_220234_765.mp4':
  Metadata:
    major_brand     : isom
    minor_version   : 512
    compatible_brands: isomiso2avc1mp41
    AIGC            : {"ContentProducer":"00119144030008867405X210001","ContentPropagator":"001191310114074811922G00000","Label":"1","ProduceID":"v0d870g10004d649ulvog65u4m4bg1p0","PropagateID":137791495137085687}
    encoder         : Lavf59.14.100
  Duration: 00:00:15.07, start: 0.000000, bitrate: 4030 kb/s
  Stream #0:0[0x1](und): Video: h264 (High) (avc1 / 0x31637661), yuv420p(tv, bt709, progressive), 1680x720 [SAR 1:1 DAR 7:3], 3976 kb/s, 23.96 fps, 30 tbr, 90k tbn (default)
    Metadata:
      handler_name    : VideoHandler
      vendor_id       : [0][0][0][0]
  Stream #0:1[0x2](und): Audio: aac (HE-AAC) (mp4a / 0x6134706D), 44100 Hz, stereo, fltp, 56 kb/s (default)
    Metadata:
      handler_name    : SoundHandler
      vendor_id       : [0][0][0][0]
Stream mapping:
  Stream #0:0 -> #0:0 (h264 (native) -> h264 (libx264))
Press [q] to stop, [?] for help
[libx264 @ 0xc86c68e00] using SAR=1/1
[libx264 @ 0xc86c68e00] using cpu capabilities: ARMv8 NEON DotProd I8MM
[libx264 @ 0xc86c68e00] profile High, level 3.1, 4:2:0, 8-bit
[libx264 @ 0xc86c68e00] 264 - core 165 r3222 b35605a - H.264/MPEG-4 AVC codec - Copyleft 2003-2025 - http://www.videolan.org/x264.html - options: cabac=1 ref=1 deblock=1:0:0 analyse=0x3:0x113 me=hex subme=2 psy=1 psy_rd=1.00:0.00 mixed_ref=0 me_range=16 chroma_me=1 trellis=0 8x8dct=1 cqm=0 deadzone=21,11 fast_pskip=1 chroma_qp_offset=0 threads=15 lookahead_threads=5 sliced_threads=0 nr=0 decimate=1 interlaced=0 bluray_compat=0 constrained_intra=0 bframes=3 b_pyramid=2 b_adapt=1 b_bias=0 direct=1 weightb=1 open_gop=0 weightp=1 keyint=250 keyint_min=25 scenecut=40 intra_refresh=0 rc_lookahead=10 rc=crf mbtree=1 crf=18.0 qcomp=0.60 qpmin=0 qpmax=69 qpstep=4 ip_ratio=1.40 aq=1:1.00
Output #0, mp4, to '/Volumes/AIGC/AI-CUT/projects/0622/结果/文案2/auto-edit/edit/render_segments/segment_08_mc-08.mp4':
  Metadata:
    major_brand     : isom
    minor_version   : 512
    compatible_brands: isomiso2avc1mp41
    AIGC            : {"ContentProducer":"00119144030008867405X210001","ContentPropagator":"001191310114074811922G00000","Label":"1","ProduceID":"v0d870g10004d649ulvog65u4m4bg1p0","PropagateID":137791495137085687}
    encoder         : Lavf62.3.100
  Stream #0:0(und): Video: h264 (avc1 / 0x31637661), yuv420p(tv, bt709, progressive), 1280x720 [SAR 1:1 DAR 16:9], q=2-31, 30 fps, 15360 tbn (default)
    Metadata:
      encoder         : Lavc62.11.100 libx264
      handler_name    : VideoHandler
      vendor_id       : [0][0][0][0]
    Side data:
      cpb: bitrate max/min/avg: 0/0/0 buffer size: 0 vbv_delay: N/A
[out#0/mp4 @ 0xc86c6c300] video:2179KiB audio:0KiB subtitle:0KiB other streams:0KiB global headers:0KiB muxing overhead: 0.110623%
frame=  147 fps=0.0 q=-1.0 Lsize=    2181KiB time=00:00:04.83 bitrate=3696.8kbits/s speed=11.5x elapsed=0:00:00.42    
[libx264 @ 0xc86c68e00] frame I:13    Avg QP:13.93  size: 35684
[libx264 @ 0xc86c68e00] frame P:60    Avg QP:17.96  size: 23510
[libx264 @ 0xc86c68e00] frame B:74    Avg QP:19.05  size:  4808
[libx264 @ 0xc86c68e00] consecutive B-frames: 23.8% 23.1% 12.2% 40.8%
[libx264 @ 0xc86c68e00] mb I  I16..4: 32.1% 33.0% 34.9%
[libx264 @ 0xc86c68e00] mb P  I16..4:  8.8% 27.4% 10.0%  P16..4:  7.7%  7.5%  4.8%  0.0%  0.0%    skip:33.9%
[libx264 @ 0xc86c68e00] mb B  I16..4:  0.7%  2.3%  0.7%  B16..8:  9.2%  4.7%  1.1%  direct: 3.5%  skip:77.7%  L0:43.9% L1:39.1% BI:17.0%
[libx264 @ 0xc86c68e00] 8x8 transform intra:51.6% inter:20.6%
[libx264 @ 0xc86c68e00] coded y,uvDC,uvAC intra: 61.9% 41.9% 9.4% inter: 7.5% 5.5% 0.1%
[libx264 @ 0xc86c68e00] i16 v,h,dc,p: 47% 29% 11% 12%
[libx264 @ 0xc86c68e00] i8 v,h,dc,ddl,ddr,vr,hd,vl,hu: 16% 34% 14%  3%  6%  4% 11%  5%  7%
[libx264 @ 0xc86c68e00] i4 v,h,dc,ddl,ddr,vr,hd,vl,hu: 18% 32% 13%  2%  9%  4% 12%  4%  5%
[libx264 @ 0xc86c68e00] i8c dc,h,v,p: 53% 29% 14%  4%
[libx264 @ 0xc86c68e00] Weighted P-Frames: Y:0.0% UV:0.0%
[libx264 @ 0xc86c68e00] kb/s:3641.33
