Input #0, mov,mp4,m4a,3gp,3g2,mj2, from '/Volumes/AIGC/AI-CUT/projects/0622/素材/视频/操作展示/微信视频2026-06-21_220316_527.mp4':
  Metadata:
    major_brand     : isom
    minor_version   : 512
    compatible_brands: isomiso2avc1mp41
    encoder         : Lavf59.14.100
  Duration: 00:00:11.27, start: 0.000000, bitrate: 3014 kb/s
  Stream #0:0[0x1](und): Video: h264 (High) (avc1 / 0x31637661), yuv420p(tv, bt709, progressive), 720x1280, 2949 kb/s, 29.65 fps, 30 tbr, 90k tbn (default)
    Metadata:
      handler_name    : VideoHandler
      vendor_id       : [0][0][0][0]
  Stream #0:1[0x2](und): Audio: aac (HE-AAC) (mp4a / 0x6134706D), 44100 Hz, stereo, fltp, 56 kb/s (default)
    Metadata:
      handler_name    : SoundHandler
      vendor_id       : [0][0][0][0]
Stream mapping:
  Stream #0:0 -> #0:0 (h264 (native) -> h264 (libx264))
Press [q] to stop, [?] for help
[libx264 @ 0xc4ac48e00] using SAR=1/1
[libx264 @ 0xc4ac48e00] using cpu capabilities: ARMv8 NEON DotProd I8MM
[libx264 @ 0xc4ac48e00] profile High, level 3.1, 4:2:0, 8-bit
[libx264 @ 0xc4ac48e00] 264 - core 165 r3222 b35605a - H.264/MPEG-4 AVC codec - Copyleft 2003-2025 - http://www.videolan.org/x264.html - options: cabac=1 ref=1 deblock=1:0:0 analyse=0x3:0x113 me=hex subme=2 psy=1 psy_rd=1.00:0.00 mixed_ref=0 me_range=16 chroma_me=1 trellis=0 8x8dct=1 cqm=0 deadzone=21,11 fast_pskip=1 chroma_qp_offset=0 threads=15 lookahead_threads=5 sliced_threads=0 nr=0 decimate=1 interlaced=0 bluray_compat=0 constrained_intra=0 bframes=3 b_pyramid=2 b_adapt=1 b_bias=0 direct=1 weightb=1 open_gop=0 weightp=1 keyint=250 keyint_min=25 scenecut=40 intra_refresh=0 rc_lookahead=10 rc=crf mbtree=1 crf=18.0 qcomp=0.60 qpmin=0 qpmax=69 qpstep=4 ip_ratio=1.40 aq=1:1.00
Output #0, mp4, to '/Volumes/AIGC/AI-CUT/projects/0622/结果/文案2/auto-edit/edit/render_segments/segment_10_mc-10.mp4':
  Metadata:
    major_brand     : isom
    minor_version   : 512
    compatible_brands: isomiso2avc1mp41
    encoder         : Lavf62.3.100
  Stream #0:0(und): Video: h264 (avc1 / 0x31637661), yuv420p(tv, bt709, progressive), 1280x720 [SAR 1:1 DAR 16:9], q=2-31, 30 fps, 15360 tbn (default)
    Metadata:
      encoder         : Lavc62.11.100 libx264
      handler_name    : VideoHandler
      vendor_id       : [0][0][0][0]
    Side data:
      cpb: bitrate max/min/avg: 0/0/0 buffer size: 0 vbv_delay: N/A
[out#0/mp4 @ 0xc4ac4c300] video:856KiB audio:0KiB subtitle:0KiB other streams:0KiB global headers:0KiB muxing overhead: 0.235058%
frame=   97 fps=0.0 q=-1.0 Lsize=     858KiB time=00:00:03.16 bitrate=2219.2kbits/s speed=10.8x elapsed=0:00:00.29    
[libx264 @ 0xc4ac48e00] frame I:1     Avg QP:10.23  size: 68397
[libx264 @ 0xc4ac48e00] frame P:24    Avg QP:18.06  size: 22134
[libx264 @ 0xc4ac48e00] frame B:72    Avg QP:23.90  size:  3834
[libx264 @ 0xc4ac48e00] consecutive B-frames:  1.0%  0.0%  0.0% 99.0%
[libx264 @ 0xc4ac48e00] mb I  I16..4: 68.9%  1.8% 29.3%
[libx264 @ 0xc4ac48e00] mb P  I16..4: 10.1%  1.2%  1.7%  P16..4: 14.3%  7.3%  6.0%  0.0%  0.0%    skip:59.4%
[libx264 @ 0xc4ac48e00] mb B  I16..4:  0.2%  0.1%  0.0%  B16..8:  5.9%  3.8%  0.8%  direct: 4.4%  skip:84.8%  L0:34.4% L1:39.0% BI:26.6%
[libx264 @ 0xc4ac48e00] 8x8 transform intra:8.0% inter:17.1%
[libx264 @ 0xc4ac48e00] coded y,uvDC,uvAC intra: 22.6% 23.9% 12.1% inter: 7.4% 2.8% 0.3%
[libx264 @ 0xc4ac48e00] i16 v,h,dc,p: 91%  6%  2%  1%
[libx264 @ 0xc4ac48e00] i8 v,h,dc,ddl,ddr,vr,hd,vl,hu: 18% 36% 23%  3%  5%  3%  6%  3%  3%
[libx264 @ 0xc4ac48e00] i4 v,h,dc,ddl,ddr,vr,hd,vl,hu: 28% 21% 16%  3% 10%  4%  9%  5%  5%
[libx264 @ 0xc4ac48e00] i8c dc,h,v,p: 78% 11%  9%  2%
[libx264 @ 0xc4ac48e00] Weighted P-Frames: Y:0.0% UV:0.0%
[libx264 @ 0xc4ac48e00] kb/s:2166.66
