Input #0, mov,mp4,m4a,3gp,3g2,mj2, from '/Volumes/AIGC/AI-CUT/projects/0622/素材/视频/工具使用/1.mp4':
  Metadata:
    major_brand     : isom
    minor_version   : 512
    compatible_brands: isomiso2avc1mp41
    encoder         : Lavf59.14.100
  Duration: 00:00:52.01, start: 0.000000, bitrate: 1754 kb/s
  Stream #0:0[0x1](und): Video: h264 (High) (avc1 / 0x31637661), yuv420p(tv, bt709/smpte432/bt709, progressive), 960x720, 1691 kb/s, 30 fps, 30 tbr, 90k tbn (default)
    Metadata:
      handler_name    : VideoHandler
      vendor_id       : [0][0][0][0]
  Stream #0:1[0x2](und): Audio: aac (HE-AAC) (mp4a / 0x6134706D), 44100 Hz, stereo, fltp, 56 kb/s (default)
    Metadata:
      handler_name    : SoundHandler
      vendor_id       : [0][0][0][0]
Stream mapping:
  Stream #0:0 -> #0:0 (h264 (native) -> h264 (libx264))
Press [q] to stop, [?] for help
[libx264 @ 0x936c68e00] using SAR=1/1
[libx264 @ 0x936c68e00] using cpu capabilities: ARMv8 NEON DotProd I8MM
[libx264 @ 0x936c68e00] profile High, level 3.1, 4:2:0, 8-bit
[libx264 @ 0x936c68e00] 264 - core 165 r3222 b35605a - H.264/MPEG-4 AVC codec - Copyleft 2003-2025 - http://www.videolan.org/x264.html - options: cabac=1 ref=1 deblock=1:0:0 analyse=0x3:0x113 me=hex subme=2 psy=1 psy_rd=1.00:0.00 mixed_ref=0 me_range=16 chroma_me=1 trellis=0 8x8dct=1 cqm=0 deadzone=21,11 fast_pskip=1 chroma_qp_offset=0 threads=15 lookahead_threads=5 sliced_threads=0 nr=0 decimate=1 interlaced=0 bluray_compat=0 constrained_intra=0 bframes=3 b_pyramid=2 b_adapt=1 b_bias=0 direct=1 weightb=1 open_gop=0 weightp=1 keyint=250 keyint_min=25 scenecut=40 intra_refresh=0 rc_lookahead=10 rc=crf mbtree=1 crf=18.0 qcomp=0.60 qpmin=0 qpmax=69 qpstep=4 ip_ratio=1.40 aq=1:1.00
Output #0, mp4, to '/Volumes/AIGC/AI-CUT/projects/0622/结果/文案2/auto-edit/edit/render_segments/segment_02_mc-02.mp4':
  Metadata:
    major_brand     : isom
    minor_version   : 512
    compatible_brands: isomiso2avc1mp41
    encoder         : Lavf62.3.100
  Stream #0:0(und): Video: h264 (avc1 / 0x31637661), yuv420p(tv, bt709/smpte432/bt709, progressive), 1280x720 [SAR 1:1 DAR 16:9], q=2-31, 30 fps, 15360 tbn (default)
    Metadata:
      encoder         : Lavc62.11.100 libx264
      handler_name    : VideoHandler
      vendor_id       : [0][0][0][0]
    Side data:
      cpb: bitrate max/min/avg: 0/0/0 buffer size: 0 vbv_delay: N/A
frame=  171 fps=0.0 q=-1.0 size=    2560KiB time=00:00:05.63 bitrate=3722.8kbits/s speed=11.2x elapsed=0:00:00.50    [out#0/mp4 @ 0x9370049c0] video:2632KiB audio:0KiB subtitle:0KiB other streams:0KiB global headers:0KiB muxing overhead: 0.109401%
frame=  175 fps=0.0 q=-1.0 Lsize=    2634KiB time=00:00:05.76 bitrate=3742.4kbits/s speed=11.1x elapsed=0:00:00.51    
[libx264 @ 0x936c68e00] frame I:1     Avg QP:14.94  size: 59959
[libx264 @ 0x936c68e00] frame P:53    Avg QP:17.62  size: 30189
[libx264 @ 0x936c68e00] frame B:121   Avg QP:22.26  size:  8545
[libx264 @ 0x936c68e00] consecutive B-frames:  3.4%  8.0% 15.4% 73.1%
[libx264 @ 0x936c68e00] mb I  I16..4: 42.6% 18.0% 39.4%
[libx264 @ 0x936c68e00] mb P  I16..4: 16.5%  8.2%  5.6%  P16..4: 22.8% 13.2%  7.8%  0.0%  0.0%    skip:26.0%
[libx264 @ 0x936c68e00] mb B  I16..4:  2.7%  1.4%  0.5%  B16..8: 22.1% 10.0%  1.5%  direct: 6.3%  skip:55.5%  L0:37.6% L1:44.0% BI:18.4%
[libx264 @ 0x936c68e00] 8x8 transform intra:27.6% inter:23.1%
[libx264 @ 0x936c68e00] coded y,uvDC,uvAC intra: 34.2% 37.9% 16.9% inter: 12.8% 9.2% 1.3%
[libx264 @ 0x936c68e00] i16 v,h,dc,p: 53% 31% 12%  4%
[libx264 @ 0x936c68e00] i8 v,h,dc,ddl,ddr,vr,hd,vl,hu: 16% 46% 29%  1%  2%  1%  3%  1%  2%
[libx264 @ 0x936c68e00] i4 v,h,dc,ddl,ddr,vr,hd,vl,hu: 25% 42% 17%  1%  5%  2%  4%  2%  3%
[libx264 @ 0x936c68e00] i8c dc,h,v,p: 55% 27% 15%  2%
[libx264 @ 0x936c68e00] Weighted P-Frames: Y:13.2% UV:7.5%
[libx264 @ 0x936c68e00] kb/s:3694.60
