Input #0, mov,mp4,m4a,3gp,3g2,mj2, from '/Volumes/AIGC/AI-CUT/projects/0622/素材/视频/工具使用/1.mp4':
  Metadata:
    major_brand     : isom
    minor_version   : 512
    compatible_brands: isomiso2avc1mp41
    encoder         : Lavf59.14.100
  Duration: 00:00:52.01, start: 0.000000, bitrate: 1754 kb/s
  Stream #0:0[0x1](und): Video: h264 (High) (avc1 / 0x31637661), yuv420p(tv, bt709/smpte432/bt709, progressive), 960x720, 1691 kb/s, 30 fps, 30 tbr, 90k tbn (default)
    Metadata:
      handler_name    : VideoHandler
      vendor_id       : [0][0][0][0]
  Stream #0:1[0x2](und): Audio: aac (HE-AAC) (mp4a / 0x6134706D), 44100 Hz, stereo, fltp, 56 kb/s (default)
    Metadata:
      handler_name    : SoundHandler
      vendor_id       : [0][0][0][0]
Stream mapping:
  Stream #0:0 -> #0:0 (h264 (native) -> h264 (libx264))
Press [q] to stop, [?] for help
[libx264 @ 0xc98c68e00] using SAR=1/1
[libx264 @ 0xc98c68e00] using cpu capabilities: ARMv8 NEON DotProd I8MM
[libx264 @ 0xc98c68e00] profile High, level 3.1, 4:2:0, 8-bit
[libx264 @ 0xc98c68e00] 264 - core 165 r3222 b35605a - H.264/MPEG-4 AVC codec - Copyleft 2003-2025 - http://www.videolan.org/x264.html - options: cabac=1 ref=1 deblock=1:0:0 analyse=0x3:0x113 me=hex subme=2 psy=1 psy_rd=1.00:0.00 mixed_ref=0 me_range=16 chroma_me=1 trellis=0 8x8dct=1 cqm=0 deadzone=21,11 fast_pskip=1 chroma_qp_offset=0 threads=15 lookahead_threads=5 sliced_threads=0 nr=0 decimate=1 interlaced=0 bluray_compat=0 constrained_intra=0 bframes=3 b_pyramid=2 b_adapt=1 b_bias=0 direct=1 weightb=1 open_gop=0 weightp=1 keyint=250 keyint_min=25 scenecut=40 intra_refresh=0 rc_lookahead=10 rc=crf mbtree=1 crf=18.0 qcomp=0.60 qpmin=0 qpmax=69 qpstep=4 ip_ratio=1.40 aq=1:1.00
Output #0, mp4, to '/Volumes/AIGC/AI-CUT/projects/0622/结果/文案2/auto-edit/edit/render_segments/segment_05_mc-05.mp4':
  Metadata:
    major_brand     : isom
    minor_version   : 512
    compatible_brands: isomiso2avc1mp41
    encoder         : Lavf62.3.100
  Stream #0:0(und): Video: h264 (avc1 / 0x31637661), yuv420p(tv, bt709/smpte432/bt709, progressive), 1280x720 [SAR 1:1 DAR 16:9], q=2-31, 30 fps, 15360 tbn (default)
    Metadata:
      encoder         : Lavc62.11.100 libx264
      handler_name    : VideoHandler
      vendor_id       : [0][0][0][0]
    Side data:
      cpb: bitrate max/min/avg: 0/0/0 buffer size: 0 vbv_delay: N/A
frame=  117 fps=0.0 q=24.0 size=    2048KiB time=00:00:03.83 bitrate=4376.8kbits/s speed=7.59x elapsed=0:00:00.50    [out#0/mp4 @ 0xc990049c0] video:2548KiB audio:0KiB subtitle:0KiB other streams:0KiB global headers:0KiB muxing overhead: 0.092139%
frame=  134 fps=0.0 q=-1.0 Lsize=    2550KiB time=00:00:04.40 bitrate=4748.2kbits/s speed=8.23x elapsed=0:00:00.53    
[libx264 @ 0xc98c68e00] frame I:2     Avg QP:14.61  size: 63544
[libx264 @ 0xc98c68e00] frame P:53    Avg QP:17.98  size: 30434
[libx264 @ 0xc98c68e00] frame B:79    Avg QP:21.86  size: 10992
[libx264 @ 0xc98c68e00] consecutive B-frames: 15.7% 13.4% 11.2% 59.7%
[libx264 @ 0xc98c68e00] mb I  I16..4: 40.9% 15.6% 43.6%
[libx264 @ 0xc98c68e00] mb P  I16..4: 17.2%  8.1%  6.1%  P16..4: 23.0% 12.9%  7.3%  0.0%  0.0%    skip:25.3%
[libx264 @ 0xc98c68e00] mb B  I16..4:  3.7%  1.7%  0.8%  B16..8: 23.1% 11.0%  1.6%  direct: 7.2%  skip:50.8%  L0:38.9% L1:42.7% BI:18.4%
[libx264 @ 0xc98c68e00] 8x8 transform intra:25.3% inter:19.4%
[libx264 @ 0xc98c68e00] coded y,uvDC,uvAC intra: 35.2% 40.7% 19.7% inter: 15.5% 11.3% 1.6%
[libx264 @ 0xc98c68e00] i16 v,h,dc,p: 55% 30% 12%  3%
[libx264 @ 0xc98c68e00] i8 v,h,dc,ddl,ddr,vr,hd,vl,hu: 19% 42% 32%  1%  1%  1%  1%  1%  2%
[libx264 @ 0xc98c68e00] i4 v,h,dc,ddl,ddr,vr,hd,vl,hu: 25% 39% 17%  1%  5%  2%  4%  2%  4%
[libx264 @ 0xc98c68e00] i8c dc,h,v,p: 53% 28% 17%  2%
[libx264 @ 0xc98c68e00] Weighted P-Frames: Y:11.3% UV:1.9%
[libx264 @ 0xc98c68e00] kb/s:4671.79
