Input #0, mov,mp4,m4a,3gp,3g2,mj2, from '/Volumes/AIGC/AI-CUT/projects/0622/素材/视频/操作展示/微信视频2026-06-21_220316_527.mp4':
  Metadata:
    major_brand     : isom
    minor_version   : 512
    compatible_brands: isomiso2avc1mp41
    encoder         : Lavf59.14.100
  Duration: 00:00:11.27, start: 0.000000, bitrate: 3014 kb/s
  Stream #0:0[0x1](und): Video: h264 (High) (avc1 / 0x31637661), yuv420p(tv, bt709, progressive), 720x1280, 2949 kb/s, 29.65 fps, 30 tbr, 90k tbn (default)
    Metadata:
      handler_name    : VideoHandler
      vendor_id       : [0][0][0][0]
  Stream #0:1[0x2](und): Audio: aac (HE-AAC) (mp4a / 0x6134706D), 44100 Hz, stereo, fltp, 56 kb/s (default)
    Metadata:
      handler_name    : SoundHandler
      vendor_id       : [0][0][0][0]
Stream mapping:
  Stream #0:0 -> #0:0 (h264 (native) -> h264 (libx264))
Press [q] to stop, [?] for help
[libx264 @ 0x79cc64e00] using SAR=1/1
[libx264 @ 0x79cc64e00] using cpu capabilities: ARMv8 NEON DotProd I8MM
[libx264 @ 0x79cc64e00] profile High, level 3.1, 4:2:0, 8-bit
[libx264 @ 0x79cc64e00] 264 - core 165 r3222 b35605a - H.264/MPEG-4 AVC codec - Copyleft 2003-2025 - http://www.videolan.org/x264.html - options: cabac=1 ref=1 deblock=1:0:0 analyse=0x3:0x113 me=hex subme=2 psy=1 psy_rd=1.00:0.00 mixed_ref=0 me_range=16 chroma_me=1 trellis=0 8x8dct=1 cqm=0 deadzone=21,11 fast_pskip=1 chroma_qp_offset=0 threads=15 lookahead_threads=5 sliced_threads=0 nr=0 decimate=1 interlaced=0 bluray_compat=0 constrained_intra=0 bframes=3 b_pyramid=2 b_adapt=1 b_bias=0 direct=1 weightb=1 open_gop=0 weightp=1 keyint=250 keyint_min=25 scenecut=40 intra_refresh=0 rc_lookahead=10 rc=crf mbtree=1 crf=18.0 qcomp=0.60 qpmin=0 qpmax=69 qpstep=4 ip_ratio=1.40 aq=1:1.00
Output #0, mp4, to '/Volumes/AIGC/AI-CUT/projects/0622/结果/文案2/auto-edit/edit/render_segments/segment_04_mc-04.mp4':
  Metadata:
    major_brand     : isom
    minor_version   : 512
    compatible_brands: isomiso2avc1mp41
    encoder         : Lavf62.3.100
  Stream #0:0(und): Video: h264 (avc1 / 0x31637661), yuv420p(tv, bt709, progressive), 1280x720 [SAR 1:1 DAR 16:9], q=2-31, 30 fps, 15360 tbn (default)
    Metadata:
      encoder         : Lavc62.11.100 libx264
      handler_name    : VideoHandler
      vendor_id       : [0][0][0][0]
    Side data:
      cpb: bitrate max/min/avg: 0/0/0 buffer size: 0 vbv_delay: N/A
[out#0/mp4 @ 0x79d068300] video:1959KiB audio:0KiB subtitle:0KiB other streams:0KiB global headers:0KiB muxing overhead: 0.165671%
frame=  201 fps=0.0 q=-1.0 Lsize=    1963KiB time=00:00:06.63 bitrate=2423.8kbits/s speed=16.1x elapsed=0:00:00.41    
[libx264 @ 0x79cc64e00] frame I:1     Avg QP: 9.87  size: 65487
[libx264 @ 0x79cc64e00] frame P:56    Avg QP:16.10  size: 24328
[libx264 @ 0x79cc64e00] frame B:144   Avg QP:23.38  size:  4013
[libx264 @ 0x79cc64e00] consecutive B-frames:  0.5% 11.9%  0.0% 87.6%
[libx264 @ 0x79cc64e00] mb I  I16..4: 68.8%  2.3% 28.9%
[libx264 @ 0x79cc64e00] mb P  I16..4: 19.8%  1.0%  0.9%  P16..4: 12.4%  9.3%  8.2%  0.0%  0.0%    skip:48.4%
[libx264 @ 0x79cc64e00] mb B  I16..4:  0.1%  0.1%  0.0%  B16..8:  6.4%  3.8%  0.9%  direct: 3.5%  skip:85.0%  L0:34.1% L1:30.3% BI:35.6%
[libx264 @ 0x79cc64e00] 8x8 transform intra:4.9% inter:19.4%
[libx264 @ 0x79cc64e00] coded y,uvDC,uvAC intra: 10.1% 7.5% 2.9% inter: 9.1% 2.5% 0.2%
[libx264 @ 0x79cc64e00] i16 v,h,dc,p: 97%  2%  1%  1%
[libx264 @ 0x79cc64e00] i8 v,h,dc,ddl,ddr,vr,hd,vl,hu: 40% 15% 21%  1%  7%  5%  6%  3%  3%
[libx264 @ 0x79cc64e00] i4 v,h,dc,ddl,ddr,vr,hd,vl,hu: 31% 19% 17%  2% 12%  4%  8%  3%  4%
[libx264 @ 0x79cc64e00] i8c dc,h,v,p: 90%  4%  5%  0%
[libx264 @ 0x79cc64e00] Weighted P-Frames: Y:16.1% UV:5.4%
[libx264 @ 0x79cc64e00] kb/s:2394.87
