COMMAND:
ffmpeg -y -hide_banner -ss 0.0 -t 2.433 -i /Volumes/AIGC/AI-CUT/projects/0622/素材/视频/影像内容/微信视频2026-06-21_220234_765.mp4 -vf split=2[fg][bg];[bg]scale=1280:720:force_original_aspect_ratio=increase,crop=1280:720,gblur=sigma=24[bg];[fg]scale=1280:720:force_original_aspect_ratio=decrease[fg];[bg][fg]overlay=(W-w)/2:(H-h)/2,fps=30,format=yuv420p -an -c:v libx264 -preset veryfast -crf 20 -movflags +faststart /Volumes/AIGC/AI-CUT/projects/0622/结果/文案8/auto-edit/edit/render_segments/segment_01_mc-01.mp4

STDOUT:


STDERR:
Input #0, mov,mp4,m4a,3gp,3g2,mj2, from '/Volumes/AIGC/AI-CUT/projects/0622/素材/视频/影像内容/微信视频2026-06-21_220234_765.mp4':
  Metadata:
    major_brand     : isom
    minor_version   : 512
    compatible_brands: isomiso2avc1mp41
    AIGC            : {"ContentProducer":"00119144030008867405X210001","ContentPropagator":"001191310114074811922G00000","Label":"1","ProduceID":"v0d870g10004d649ulvog65u4m4bg1p0","PropagateID":137791495137085687}
    encoder         : Lavf59.14.100
  Duration: 00:00:15.07, start: 0.000000, bitrate: 4030 kb/s
  Stream #0:0[0x1](und): Video: h264 (High) (avc1 / 0x31637661), yuv420p(tv, bt709, progressive), 1680x720 [SAR 1:1 DAR 7:3], 3976 kb/s, 23.96 fps, 30 tbr, 90k tbn (default)
    Metadata:
      handler_name    : VideoHandler
      vendor_id       : [0][0][0][0]
  Stream #0:1[0x2](und): Audio: aac (HE-AAC) (mp4a / 0x6134706D), 44100 Hz, stereo, fltp, 56 kb/s (default)
    Metadata:
      handler_name    : SoundHandler
      vendor_id       : [0][0][0][0]
Stream mapping:
  Stream #0:0 -> #0:0 (h264 (native) -> h264 (libx264))
Press [q] to stop, [?] for help
[libx264 @ 0xb92c68e00] using SAR=1/1
[libx264 @ 0xb92c68e00] using cpu capabilities: ARMv8 NEON DotProd I8MM
[libx264 @ 0xb92c68e00] profile High, level 3.1, 4:2:0, 8-bit
[libx264 @ 0xb92c68e00] 264 - core 165 r3222 b35605a - H.264/MPEG-4 AVC codec - Copyleft 2003-2025 - http://www.videolan.org/x264.html - options: cabac=1 ref=1 deblock=1:0:0 analyse=0x3:0x113 me=hex subme=2 psy=1 psy_rd=1.00:0.00 mixed_ref=0 me_range=16 chroma_me=1 trellis=0 8x8dct=1 cqm=0 deadzone=21,11 fast_pskip=1 chroma_qp_offset=0 threads=15 lookahead_threads=5 sliced_threads=0 nr=0 decimate=1 interlaced=0 bluray_compat=0 constrained_intra=0 bframes=3 b_pyramid=2 b_adapt=1 b_bias=0 direct=1 weightb=1 open_gop=0 weightp=1 keyint=250 keyint_min=25 scenecut=40 intra_refresh=0 rc_lookahead=10 rc=crf mbtree=1 crf=20.0 qcomp=0.60 qpmin=0 qpmax=69 qpstep=4 ip_ratio=1.40 aq=1:1.00
Output #0, mp4, to '/Volumes/AIGC/AI-CUT/projects/0622/结果/文案8/auto-edit/edit/render_segments/segment_01_mc-01.mp4':
  Metadata:
    major_brand     : isom
    minor_version   : 512
    compatible_brands: isomiso2avc1mp41
    AIGC            : {"ContentProducer":"00119144030008867405X210001","ContentPropagator":"001191310114074811922G00000","Label":"1","ProduceID":"v0d870g10004d649ulvog65u4m4bg1p0","PropagateID":137791495137085687}
    encoder         : Lavf62.3.100
  Stream #0:0(und): Video: h264 (avc1 / 0x31637661), yuv420p(tv, bt709, progressive), 1280x720 [SAR 1:1 DAR 16:9], q=2-31, 30 fps, 15360 tbn (default)
    Metadata:
      encoder         : Lavc62.11.100 libx264
      handler_name    : VideoHandler
      vendor_id       : [0][0][0][0]
    Side data:
      cpb: bitrate max/min/avg: 0/0/0 buffer size: 0 vbv_delay: N/A
frame=   24 fps=0.0 q=26.0 size=     256KiB time=00:00:00.73 bitrate=2860.3kbits/s speed=1.45x elapsed=0:00:00.50    
[mp4 @ 0xb9305fc00] Starting second pass: moving the moov atom to the beginning of the file
[out#0/mp4 @ 0xb93028f00] video:834KiB audio:0KiB subtitle:0KiB other streams:0KiB global headers:0KiB muxing overhead: 0.206077%
frame=   73 fps=0.0 q=-1.0 Lsize=     836KiB time=00:00:02.36 bitrate=2892.9kbits/s speed= 3.2x elapsed=0:00:00.73    
[libx264 @ 0xb92c68e00] frame I:2     Avg QP:19.01  size: 40932
[libx264 @ 0xb92c68e00] frame P:22    Avg QP:20.89  size: 21966
[libx264 @ 0xb92c68e00] frame B:49    Avg QP:21.41  size:  5883
[libx264 @ 0xb92c68e00] consecutive B-frames:  5.5% 13.7%  4.1% 76.7%
[libx264 @ 0xb92c68e00] mb I  I16..4: 15.0% 48.8% 36.2%
[libx264 @ 0xb92c68e00] mb P  I16..4: 14.8% 34.8%  7.0%  P16..4: 15.9% 10.9%  5.4%  0.0%  0.0%    skip:11.2%
[libx264 @ 0xb92c68e00] mb B  I16..4:  2.6%  6.2%  0.7%  B16..8: 12.8%  5.7%  1.0%  direct: 4.0%  skip:66.9%  L0:42.4% L1:43.5% BI:14.1%
[libx264 @ 0xb92c68e00] 8x8 transform intra:60.9% inter:33.4%
[libx264 @ 0xb92c68e00] coded y,uvDC,uvAC intra: 53.9% 25.0% 1.1% inter: 7.9% 4.3% 0.0%
[libx264 @ 0xb92c68e00] i16 v,h,dc,p: 16% 44% 13% 28%
[libx264 @ 0xb92c68e00] i8 v,h,dc,ddl,ddr,vr,hd,vl,hu: 16% 37% 18%  2%  5%  4%  6%  4%  7%
[libx264 @ 0xb92c68e00] i4 v,h,dc,ddl,ddr,vr,hd,vl,hu: 21% 34% 13%  2%  8%  6%  6%  4%  6%
[libx264 @ 0xb92c68e00] i8c dc,h,v,p: 56% 30% 12%  2%
[libx264 @ 0xb92c68e00] Weighted P-Frames: Y:4.5% UV:0.0%
[libx264 @ 0xb92c68e00] kb/s:2805.56
