COMMAND:
ffmpeg -y -hide_banner -ss 24.0 -t 3.473 -i /Volumes/AIGC/AI-CUT/projects/0622/素材/视频/工具使用/1.mp4 -vf split=2[fg][bg];[bg]scale=1280:720:force_original_aspect_ratio=increase,crop=1280:720,gblur=sigma=24[bg];[fg]scale=1280:720:force_original_aspect_ratio=decrease[fg];[bg][fg]overlay=(W-w)/2:(H-h)/2,fps=30,format=yuv420p -an -c:v libx264 -preset veryfast -crf 20 -movflags +faststart /Volumes/AIGC/AI-CUT/projects/0622/结果/文案8/auto-edit/edit/render_segments/segment_04_mc-04.mp4

STDOUT:


STDERR:
Input #0, mov,mp4,m4a,3gp,3g2,mj2, from '/Volumes/AIGC/AI-CUT/projects/0622/素材/视频/工具使用/1.mp4':
  Metadata:
    major_brand     : isom
    minor_version   : 512
    compatible_brands: isomiso2avc1mp41
    encoder         : Lavf59.14.100
  Duration: 00:00:52.01, start: 0.000000, bitrate: 1754 kb/s
  Stream #0:0[0x1](und): Video: h264 (High) (avc1 / 0x31637661), yuv420p(tv, bt709/smpte432/bt709, progressive), 960x720, 1691 kb/s, 30 fps, 30 tbr, 90k tbn (default)
    Metadata:
      handler_name    : VideoHandler
      vendor_id       : [0][0][0][0]
  Stream #0:1[0x2](und): Audio: aac (HE-AAC) (mp4a / 0x6134706D), 44100 Hz, stereo, fltp, 56 kb/s (default)
    Metadata:
      handler_name    : SoundHandler
      vendor_id       : [0][0][0][0]
Stream mapping:
  Stream #0:0 -> #0:0 (h264 (native) -> h264 (libx264))
Press [q] to stop, [?] for help
[libx264 @ 0x968c60e00] using cpu capabilities: ARMv8 NEON DotProd I8MM
[libx264 @ 0x968c60e00] profile High, level 3.1, 4:2:0, 8-bit
[libx264 @ 0x968c60e00] 264 - core 165 r3222 b35605a - H.264/MPEG-4 AVC codec - Copyleft 2003-2025 - http://www.videolan.org/x264.html - options: cabac=1 ref=1 deblock=1:0:0 analyse=0x3:0x113 me=hex subme=2 psy=1 psy_rd=1.00:0.00 mixed_ref=0 me_range=16 chroma_me=1 trellis=0 8x8dct=1 cqm=0 deadzone=21,11 fast_pskip=1 chroma_qp_offset=0 threads=15 lookahead_threads=5 sliced_threads=0 nr=0 decimate=1 interlaced=0 bluray_compat=0 constrained_intra=0 bframes=3 b_pyramid=2 b_adapt=1 b_bias=0 direct=1 weightb=1 open_gop=0 weightp=1 keyint=250 keyint_min=25 scenecut=40 intra_refresh=0 rc_lookahead=10 rc=crf mbtree=1 crf=20.0 qcomp=0.60 qpmin=0 qpmax=69 qpstep=4 ip_ratio=1.40 aq=1:1.00
Output #0, mp4, to '/Volumes/AIGC/AI-CUT/projects/0622/结果/文案8/auto-edit/edit/render_segments/segment_04_mc-04.mp4':
  Metadata:
    major_brand     : isom
    minor_version   : 512
    compatible_brands: isomiso2avc1mp41
    encoder         : Lavf62.3.100
  Stream #0:0(und): Video: h264 (avc1 / 0x31637661), yuv420p(tv, bt709/smpte432/bt709, progressive), 1280x720, q=2-31, 30 fps, 15360 tbn (default)
    Metadata:
      encoder         : Lavc62.11.100 libx264
      handler_name    : VideoHandler
      vendor_id       : [0][0][0][0]
    Side data:
      cpb: bitrate max/min/avg: 0/0/0 buffer size: 0 vbv_delay: N/A
frame=   10 fps=0.0 q=26.0 size=       0KiB time=00:00:00.26 bitrate=   1.4kbits/s speed=0.528x elapsed=0:00:00.50    
frame=   55 fps= 55 q=26.0 size=     256KiB time=00:00:01.76 bitrate=1187.3kbits/s speed=1.76x elapsed=0:00:01.00    
[mp4 @ 0x96901bc00] Starting second pass: moving the moov atom to the beginning of the file
[out#0/mp4 @ 0x9690049c0] video:973KiB audio:0KiB subtitle:0KiB other streams:0KiB global headers:0KiB muxing overhead: 0.214640%
frame=  105 fps= 85 q=-1.0 Lsize=     975KiB time=00:00:03.43 bitrate=2327.0kbits/s speed=2.78x elapsed=0:00:01.23    
[libx264 @ 0x968c60e00] frame I:1     Avg QP:20.26  size: 53123
[libx264 @ 0x968c60e00] frame P:30    Avg QP:19.73  size: 20808
[libx264 @ 0x968c60e00] frame B:74    Avg QP:22.49  size:  4304
[libx264 @ 0x968c60e00] consecutive B-frames:  1.0% 15.2%  0.0% 83.8%
[libx264 @ 0x968c60e00] mb I  I16..4: 30.1% 33.4% 36.5%
[libx264 @ 0x968c60e00] mb P  I16..4: 14.8% 10.7%  2.4%  P16..4: 30.3% 13.9%  6.6%  0.0%  0.0%    skip:21.3%
[libx264 @ 0x968c60e00] mb B  I16..4:  2.3%  0.8%  0.2%  B16..8: 21.0%  6.5%  0.5%  direct: 4.4%  skip:64.4%  L0:41.0% L1:46.0% BI:13.0%
[libx264 @ 0x968c60e00] 8x8 transform intra:35.3% inter:21.1%
[libx264 @ 0x968c60e00] coded y,uvDC,uvAC intra: 29.0% 38.0% 11.6% inter: 7.1% 7.8% 0.6%
[libx264 @ 0x968c60e00] i16 v,h,dc,p: 42% 37% 14%  8%
[libx264 @ 0x968c60e00] i8 v,h,dc,ddl,ddr,vr,hd,vl,hu: 20% 38% 28%  1%  3%  2%  4%  2%  2%
[libx264 @ 0x968c60e00] i4 v,h,dc,ddl,ddr,vr,hd,vl,hu: 27% 37% 17%  1%  5%  2%  4%  2%  4%
[libx264 @ 0x968c60e00] i8c dc,h,v,p: 51% 27% 20%  3%
[libx264 @ 0x968c60e00] Weighted P-Frames: Y:3.3% UV:0.0%
[libx264 @ 0x968c60e00] kb/s:2276.26
