COMMAND:
ffmpeg -y -hide_banner -ss 0.0 -t 2.962 -i /Volumes/AIGC/AI-CUT/projects/0622/素材/视频/操作展示/微信视频2026-06-21_220316_527.mp4 -vf split=2[fg][bg];[bg]scale=1280:720:force_original_aspect_ratio=increase,crop=1280:720,gblur=sigma=24[bg];[fg]scale=1280:720:force_original_aspect_ratio=decrease[fg];[bg][fg]overlay=(W-w)/2:(H-h)/2,fps=30,format=yuv420p -an -c:v libx264 -preset veryfast -crf 20 -movflags +faststart /Volumes/AIGC/AI-CUT/projects/0622/结果/文案8/auto-edit/edit/render_segments/segment_03_mc-03.mp4

STDOUT:


STDERR:
Input #0, mov,mp4,m4a,3gp,3g2,mj2, from '/Volumes/AIGC/AI-CUT/projects/0622/素材/视频/操作展示/微信视频2026-06-21_220316_527.mp4':
  Metadata:
    major_brand     : isom
    minor_version   : 512
    compatible_brands: isomiso2avc1mp41
    encoder         : Lavf59.14.100
  Duration: 00:00:11.27, start: 0.000000, bitrate: 3014 kb/s
  Stream #0:0[0x1](und): Video: h264 (High) (avc1 / 0x31637661), yuv420p(tv, bt709, progressive), 720x1280, 2949 kb/s, 29.65 fps, 30 tbr, 90k tbn (default)
    Metadata:
      handler_name    : VideoHandler
      vendor_id       : [0][0][0][0]
  Stream #0:1[0x2](und): Audio: aac (HE-AAC) (mp4a / 0x6134706D), 44100 Hz, stereo, fltp, 56 kb/s (default)
    Metadata:
      handler_name    : SoundHandler
      vendor_id       : [0][0][0][0]
Stream mapping:
  Stream #0:0 -> #0:0 (h264 (native) -> h264 (libx264))
Press [q] to stop, [?] for help
[libx264 @ 0x8aec6ce00] using cpu capabilities: ARMv8 NEON DotProd I8MM
[libx264 @ 0x8aec6ce00] profile High, level 3.1, 4:2:0, 8-bit
[libx264 @ 0x8aec6ce00] 264 - core 165 r3222 b35605a - H.264/MPEG-4 AVC codec - Copyleft 2003-2025 - http://www.videolan.org/x264.html - options: cabac=1 ref=1 deblock=1:0:0 analyse=0x3:0x113 me=hex subme=2 psy=1 psy_rd=1.00:0.00 mixed_ref=0 me_range=16 chroma_me=1 trellis=0 8x8dct=1 cqm=0 deadzone=21,11 fast_pskip=1 chroma_qp_offset=0 threads=15 lookahead_threads=5 sliced_threads=0 nr=0 decimate=1 interlaced=0 bluray_compat=0 constrained_intra=0 bframes=3 b_pyramid=2 b_adapt=1 b_bias=0 direct=1 weightb=1 open_gop=0 weightp=1 keyint=250 keyint_min=25 scenecut=40 intra_refresh=0 rc_lookahead=10 rc=crf mbtree=1 crf=20.0 qcomp=0.60 qpmin=0 qpmax=69 qpstep=4 ip_ratio=1.40 aq=1:1.00
Output #0, mp4, to '/Volumes/AIGC/AI-CUT/projects/0622/结果/文案8/auto-edit/edit/render_segments/segment_03_mc-03.mp4':
  Metadata:
    major_brand     : isom
    minor_version   : 512
    compatible_brands: isomiso2avc1mp41
    encoder         : Lavf62.3.100
  Stream #0:0(und): Video: h264 (avc1 / 0x31637661), yuv420p(tv, bt709, progressive), 1280x720, q=2-31, 30 fps, 15360 tbn (default)
    Metadata:
      encoder         : Lavc62.11.100 libx264
      handler_name    : VideoHandler
      vendor_id       : [0][0][0][0]
    Side data:
      cpb: bitrate max/min/avg: 0/0/0 buffer size: 0 vbv_delay: N/A
frame=   29 fps=0.0 q=26.0 size=     256KiB time=00:00:00.90 bitrate=2330.6kbits/s speed= 1.8x elapsed=0:00:00.50    
[mp4 @ 0x8af037c00] Starting second pass: moving the moov atom to the beginning of the file
[out#0/mp4 @ 0x8af004900] video:1055KiB audio:0KiB subtitle:0KiB other streams:0KiB global headers:0KiB muxing overhead: 0.181660%
frame=   89 fps=0.0 q=-1.0 Lsize=    1057KiB time=00:00:02.90 bitrate=2986.4kbits/s speed=3.41x elapsed=0:00:00.84    
[libx264 @ 0x8aec6ce00] frame I:1     Avg QP:18.85  size: 66208
[libx264 @ 0x8aec6ce00] frame P:22    Avg QP:21.26  size: 27594
[libx264 @ 0x8aec6ce00] frame B:66    Avg QP:23.59  size:  6161
[libx264 @ 0x8aec6ce00] consecutive B-frames:  1.1%  0.0%  0.0% 98.9%
[libx264 @ 0x8aec6ce00] mb I  I16..4: 19.6% 49.4% 31.1%
[libx264 @ 0x8aec6ce00] mb P  I16..4: 12.9% 24.9%  1.6%  P16..4: 21.0% 14.3%  9.1%  0.0%  0.0%    skip:16.1%
[libx264 @ 0x8aec6ce00] mb B  I16..4:  2.1%  2.1%  0.1%  B16..8: 18.2%  6.7%  1.1%  direct: 6.0%  skip:63.8%  L0:37.2% L1:42.2% BI:20.6%
[libx264 @ 0x8aec6ce00] 8x8 transform intra:58.7% inter:23.0%
[libx264 @ 0x8aec6ce00] coded y,uvDC,uvAC intra: 35.4% 28.8% 2.0% inter: 9.3% 7.1% 0.2%
[libx264 @ 0x8aec6ce00] i16 v,h,dc,p: 33% 23% 10% 33%
[libx264 @ 0x8aec6ce00] i8 v,h,dc,ddl,ddr,vr,hd,vl,hu: 25% 27% 15%  2%  8%  7%  9%  5%  3%
[libx264 @ 0x8aec6ce00] i4 v,h,dc,ddl,ddr,vr,hd,vl,hu: 29% 20% 16%  2% 13%  4%  9%  4%  4%
[libx264 @ 0x8aec6ce00] i8c dc,h,v,p: 57% 19% 18%  5%
[libx264 @ 0x8aec6ce00] Weighted P-Frames: Y:4.5% UV:4.5%
[libx264 @ 0x8aec6ce00] kb/s:2912.10
