Input #0, mp3, from 'projects/测试/素材/音频/男声1.mp3':
  Metadata:
    encoder         : Lavf59.27.100
  Duration: 00:00:49.15, start: 0.025057, bitrate: 128 kb/s
  Stream #0:0: Audio: mp3 (mp3float), 44100 Hz, mono, fltp, 128 kb/s, start 0.025057
Stream mapping:
  Stream #0:0 -> #0:0 (mp3 (mp3float) -> pcm_s16le (native))
Press [q] to stop, [?] for help
Output #0, null, to 'pipe:':
  Metadata:
    encoder         : Lavf62.3.100
  Stream #0:0: Audio: pcm_s16le, 44100 Hz, mono, s16, 705 kb/s
    Metadata:
      encoder         : Lavc62.11.100 pcm_s16le
[silencedetect @ 0x9fcc6c3c0] silence_start: 0
[silencedetect @ 0x9fcc6c3c0] silence_end: 0.124195 | silence_duration: 0.124195
[silencedetect @ 0x9fcc6c3c0] silence_start: 0.507007
[silencedetect @ 0x9fcc6c3c0] silence_end: 0.589955 | silence_duration: 0.0829478
[silencedetect @ 0x9fcc6c3c0] silence_start: 2.535624
[silencedetect @ 0x9fcc6c3c0] silence_end: 2.972109 | silence_duration: 0.436485
[silencedetect @ 0x9fcc6c3c0] silence_start: 5.008073
[silencedetect @ 0x9fcc6c3c0] silence_end: 5.130091 | silence_duration: 0.122018
[silencedetect @ 0x9fcc6c3c0] silence_start: 5.639932
[silencedetect @ 0x9fcc6c3c0] silence_end: 6.136531 | silence_duration: 0.496599
[silencedetect @ 0x9fcc6c3c0] silence_start: 7.254853
[silencedetect @ 0x9fcc6c3c0] silence_end: 7.66907 | silence_duration: 0.414218
[silencedetect @ 0x9fcc6c3c0] silence_start: 8.746122
[silencedetect @ 0x9fcc6c3c0] silence_end: 9.305737 | silence_duration: 0.559615
[silencedetect @ 0x9fcc6c3c0] silence_start: 10.474626
[silencedetect @ 0x9fcc6c3c0] silence_end: 10.901814 | silence_duration: 0.427188
[silencedetect @ 0x9fcc6c3c0] silence_start: 12.492063
[silencedetect @ 0x9fcc6c3c0] silence_end: 12.787846 | silence_duration: 0.295782
[silencedetect @ 0x9fcc6c3c0] silence_start: 13.696349
[silencedetect @ 0x9fcc6c3c0] silence_end: 13.96551 | silence_duration: 0.269161
[silencedetect @ 0x9fcc6c3c0] silence_start: 15.485374
[silencedetect @ 0x9fcc6c3c0] silence_end: 15.923197 | silence_duration: 0.437823
[silencedetect @ 0x9fcc6c3c0] silence_start: 18.11746
[silencedetect @ 0x9fcc6c3c0] silence_end: 18.3178 | silence_duration: 0.20034
[silencedetect @ 0x9fcc6c3c0] silence_start: 20.442132
[silencedetect @ 0x9fcc6c3c0] silence_end: 21.211927 | silence_duration: 0.769796
[silencedetect @ 0x9fcc6c3c0] silence_start: 21.819524
[silencedetect @ 0x9fcc6c3c0] silence_end: 22.428141 | silence_duration: 0.608617
[silencedetect @ 0x9fcc6c3c0] silence_start: 23.190635
[silencedetect @ 0x9fcc6c3c0] silence_end: 23.274512 | silence_duration: 0.0838776
[silencedetect @ 0x9fcc6c3c0] silence_start: 24.738367
[silencedetect @ 0x9fcc6c3c0] silence_end: 25.209592 | silence_duration: 0.471224
[silencedetect @ 0x9fcc6c3c0] silence_start: 26.490295
[silencedetect @ 0x9fcc6c3c0] silence_end: 26.797959 | silence_duration: 0.307664
[silencedetect @ 0x9fcc6c3c0] silence_start: 26.798753
[silencedetect @ 0x9fcc6c3c0] silence_end: 27.039297 | silence_duration: 0.240544
[silencedetect @ 0x9fcc6c3c0] silence_start: 27.039751
[silencedetect @ 0x9fcc6c3c0] silence_end: 27.120272 | silence_duration: 0.0805215
[silencedetect @ 0x9fcc6c3c0] silence_start: 27.661927
[silencedetect @ 0x9fcc6c3c0] silence_end: 27.978254 | silence_duration: 0.316327
[silencedetect @ 0x9fcc6c3c0] silence_start: 30.080272
[silencedetect @ 0x9fcc6c3c0] silence_end: 30.450295 | silence_duration: 0.370023
[silencedetect @ 0x9fcc6c3c0] silence_start: 30.83585
[silencedetect @ 0x9fcc6c3c0] silence_end: 31.129751 | silence_duration: 0.2939
[silencedetect @ 0x9fcc6c3c0] silence_start: 31.724082
[silencedetect @ 0x9fcc6c3c0] silence_end: 32.035397 | silence_duration: 0.311315
[silencedetect @ 0x9fcc6c3c0] silence_start: 32.44059
[silencedetect @ 0x9fcc6c3c0] silence_end: 32.743356 | silence_duration: 0.302766
[silencedetect @ 0x9fcc6c3c0] silence_start: 33.346984
[silencedetect @ 0x9fcc6c3c0] silence_end: 33.820045 | silence_duration: 0.473061
[silencedetect @ 0x9fcc6c3c0] silence_start: 35.080544
[silencedetect @ 0x9fcc6c3c0] silence_end: 35.328095 | silence_duration: 0.247551
[silencedetect @ 0x9fcc6c3c0] silence_start: 36.035465
[silencedetect @ 0x9fcc6c3c0] silence_end: 36.315964 | silence_duration: 0.280499
[silencedetect @ 0x9fcc6c3c0] silence_start: 37.538685
[silencedetect @ 0x9fcc6c3c0] silence_end: 37.936417 | silence_duration: 0.397732
[silencedetect @ 0x9fcc6c3c0] silence_start: 38.836327
[silencedetect @ 0x9fcc6c3c0] silence_end: 39.095329 | silence_duration: 0.259002
[silencedetect @ 0x9fcc6c3c0] silence_start: 40.267279
[silencedetect @ 0x9fcc6c3c0] silence_end: 40.586213 | silence_duration: 0.318934
[silencedetect @ 0x9fcc6c3c0] silence_start: 40.910091
[silencedetect @ 0x9fcc6c3c0] silence_end: 41.233855 | silence_duration: 0.323764
[silencedetect @ 0x9fcc6c3c0] silence_start: 41.777755
[silencedetect @ 0x9fcc6c3c0] silence_end: 41.858095 | silence_duration: 0.0803401
[silencedetect @ 0x9fcc6c3c0] silence_start: 42.152358
[silencedetect @ 0x9fcc6c3c0] silence_end: 42.650794 | silence_duration: 0.498435
[silencedetect @ 0x9fcc6c3c0] silence_start: 43.948526
[silencedetect @ 0x9fcc6c3c0] silence_end: 44.309365 | silence_duration: 0.360839
[silencedetect @ 0x9fcc6c3c0] silence_start: 45.105147
[silencedetect @ 0x9fcc6c3c0] silence_end: 45.472494 | silence_duration: 0.367347
[silencedetect @ 0x9fcc6c3c0] silence_start: 45.516054
[silencedetect @ 0x9fcc6c3c0] silence_end: 45.89542 | silence_duration: 0.379365
[silencedetect @ 0x9fcc6c3c0] silence_start: 46.824626
[silencedetect @ 0x9fcc6c3c0] silence_end: 47.192177 | silence_duration: 0.367551
[silencedetect @ 0x9fcc6c3c0] silence_start: 47.968707
[silencedetect @ 0x9fcc6c3c0] silence_end: 48.4378 | silence_duration: 0.469093
[silencedetect @ 0x9fcc6c3c0] silence_start: 48.438141
[silencedetect @ 0x9fcc6c3c0] silence_end: 48.56263 | silence_duration: 0.12449
[silencedetect @ 0x9fcc6c3c0] silence_start: 48.993129
[silencedetect @ 0x9fcc6c3c0] silence_end: 49.14585 | silence_duration: 0.152721
[out#0/null @ 0x9fd004780] video:0KiB audio:4233KiB subtitle:0KiB other streams:0KiB global headers:0KiB muxing overhead: unknown
size=N/A time=00:00:49.14 bitrate=N/A speed=2.4e+03x elapsed=0:00:00.02    
