Input #0, mov,mp4,m4a,3gp,3g2,mj2, from '/Volumes/AIGC/AI-CUT/projects/0622/素材/视频/工具使用/1.mp4':
  Metadata:
    major_brand     : isom
    minor_version   : 512
    compatible_brands: isomiso2avc1mp41
    encoder         : Lavf59.14.100
  Duration: 00:00:52.01, start: 0.000000, bitrate: 1754 kb/s
  Stream #0:0[0x1](und): Video: h264 (High) (avc1 / 0x31637661), yuv420p(tv, bt709/smpte432/bt709, progressive), 960x720, 1691 kb/s, 30 fps, 30 tbr, 90k tbn (default)
    Metadata:
      handler_name    : VideoHandler
      vendor_id       : [0][0][0][0]
  Stream #0:1[0x2](und): Audio: aac (HE-AAC) (mp4a / 0x6134706D), 44100 Hz, stereo, fltp, 56 kb/s (default)
    Metadata:
      handler_name    : SoundHandler
      vendor_id       : [0][0][0][0]
Stream mapping:
  Stream #0:0 -> #0:0 (h264 (native) -> h264 (libx264))
Press [q] to stop, [?] for help
[libx264 @ 0x8a4830e00] using SAR=1/1
[libx264 @ 0x8a4830e00] using cpu capabilities: ARMv8 NEON DotProd I8MM
[libx264 @ 0x8a4830e00] profile High, level 3.1, 4:2:0, 8-bit
[libx264 @ 0x8a4830e00] 264 - core 165 r3222 b35605a - H.264/MPEG-4 AVC codec - Copyleft 2003-2025 - http://www.videolan.org/x264.html - options: cabac=1 ref=1 deblock=1:0:0 analyse=0x3:0x113 me=hex subme=2 psy=1 psy_rd=1.00:0.00 mixed_ref=0 me_range=16 chroma_me=1 trellis=0 8x8dct=1 cqm=0 deadzone=21,11 fast_pskip=1 chroma_qp_offset=0 threads=15 lookahead_threads=5 sliced_threads=0 nr=0 decimate=1 interlaced=0 bluray_compat=0 constrained_intra=0 bframes=3 b_pyramid=2 b_adapt=1 b_bias=0 direct=1 weightb=1 open_gop=0 weightp=1 keyint=250 keyint_min=25 scenecut=40 intra_refresh=0 rc_lookahead=10 rc=crf mbtree=1 crf=18.0 qcomp=0.60 qpmin=0 qpmax=69 qpstep=4 ip_ratio=1.40 aq=1:1.00
Output #0, mp4, to '/Volumes/AIGC/AI-CUT/projects/0622/结果/文案4/auto-edit/edit/segments/segment_06.mp4':
  Metadata:
    major_brand     : isom
    minor_version   : 512
    compatible_brands: isomiso2avc1mp41
    encoder         : Lavf62.3.100
  Stream #0:0(und): Video: h264 (avc1 / 0x31637661), yuv420p(tv, bt709/smpte432/bt709, progressive), 1280x720 [SAR 1:1 DAR 16:9], q=2-31, 30 fps, 15360 tbn (default)
    Metadata:
      encoder         : Lavc62.11.100 libx264
      handler_name    : VideoHandler
      vendor_id       : [0][0][0][0]
    Side data:
      cpb: bitrate max/min/avg: 0/0/0 buffer size: 0 vbv_delay: N/A
frame=   97 fps=0.0 q=24.0 size=    1280KiB time=00:00:03.16 bitrate=3311.4kbits/s speed=6.27x elapsed=0:00:00.50    [out#0/mp4 @ 0x8a48043c0] video:2444KiB audio:0KiB subtitle:0KiB other streams:0KiB global headers:0KiB muxing overhead: 0.136998%
frame=  215 fps=0.0 q=-1.0 Lsize=    2447KiB time=00:00:07.10 bitrate=2823.3kbits/s speed=7.84x elapsed=0:00:00.90    
[libx264 @ 0x8a4830e00] frame I:1     Avg QP:14.67  size: 79504
[libx264 @ 0x8a4830e00] frame P:69    Avg QP:17.45  size: 24407
[libx264 @ 0x8a4830e00] frame B:145   Avg QP:21.81  size:  5089
[libx264 @ 0x8a4830e00] consecutive B-frames:  6.0% 10.2%  5.6% 78.1%
[libx264 @ 0x8a4830e00] mb I  I16..4: 45.1% 12.2% 42.7%
[libx264 @ 0x8a4830e00] mb P  I16..4: 11.9%  7.5%  3.6%  P16..4: 25.5% 12.6%  7.3%  0.0%  0.0%    skip:31.7%
[libx264 @ 0x8a4830e00] mb B  I16..4:  1.5%  0.5%  0.2%  B16..8: 19.8%  7.1%  1.0%  direct: 4.4%  skip:65.6%  L0:36.5% L1:46.2% BI:17.3%
[libx264 @ 0x8a4830e00] 8x8 transform intra:30.0% inter:24.9%
[libx264 @ 0x8a4830e00] coded y,uvDC,uvAC intra: 33.7% 42.2% 19.2% inter: 9.4% 7.3% 1.0%
[libx264 @ 0x8a4830e00] i16 v,h,dc,p: 53% 32% 12%  3%
[libx264 @ 0x8a4830e00] i8 v,h,dc,ddl,ddr,vr,hd,vl,hu: 21% 45% 28%  1%  1%  1%  1%  1%  1%
[libx264 @ 0x8a4830e00] i4 v,h,dc,ddl,ddr,vr,hd,vl,hu: 27% 39% 16%  1%  4%  2%  4%  3%  3%
[libx264 @ 0x8a4830e00] i8c dc,h,v,p: 50% 29% 18%  2%
[libx264 @ 0x8a4830e00] Weighted P-Frames: Y:8.7% UV:0.0%
[libx264 @ 0x8a4830e00] kb/s:2792.41
ffmpeg -hide_banner -y -ss 12.000 -i /Volumes/AIGC/AI-CUT/projects/0622/素材/视频/工具使用/1.mp4 -t 7.172 -an -vf scale=1280:720:force_original_aspect_ratio=decrease,pad=1280:720:(ow-iw)/2:(oh-ih)/2:color=black,setsar=1,fps=30,format=yuv420p -r 30 -c:v libx264 -preset veryfast -crf 18 /Volumes/AIGC/AI-CUT/projects/0622/结果/文案4/auto-edit/edit/segments/segment_06.mp4

