Input #0, mov,mp4,m4a,3gp,3g2,mj2, from '/Volumes/AIGC/AI-CUT/projects/0622/素材/视频/影像内容/微信视频2026-06-21_220234_765.mp4':
  Metadata:
    major_brand     : isom
    minor_version   : 512
    compatible_brands: isomiso2avc1mp41
    AIGC            : {"ContentProducer":"00119144030008867405X210001","ContentPropagator":"001191310114074811922G00000","Label":"1","ProduceID":"v0d870g10004d649ulvog65u4m4bg1p0","PropagateID":137791495137085687}
    encoder         : Lavf59.14.100
  Duration: 00:00:15.07, start: 0.000000, bitrate: 4030 kb/s
  Stream #0:0[0x1](und): Video: h264 (High) (avc1 / 0x31637661), yuv420p(tv, bt709, progressive), 1680x720 [SAR 1:1 DAR 7:3], 3976 kb/s, 23.96 fps, 30 tbr, 90k tbn (default)
    Metadata:
      handler_name    : VideoHandler
      vendor_id       : [0][0][0][0]
  Stream #0:1[0x2](und): Audio: aac (HE-AAC) (mp4a / 0x6134706D), 44100 Hz, stereo, fltp, 56 kb/s (default)
    Metadata:
      handler_name    : SoundHandler
      vendor_id       : [0][0][0][0]
Stream mapping:
  Stream #0:0 -> #0:0 (h264 (native) -> h264 (libx264))
Press [q] to stop, [?] for help
[libx264 @ 0x702c84e00] using SAR=1/1
[libx264 @ 0x702c84e00] using cpu capabilities: ARMv8 NEON DotProd I8MM
[libx264 @ 0x702c84e00] profile High, level 3.1, 4:2:0, 8-bit
[libx264 @ 0x702c84e00] 264 - core 165 r3222 b35605a - H.264/MPEG-4 AVC codec - Copyleft 2003-2025 - http://www.videolan.org/x264.html - options: cabac=1 ref=1 deblock=1:0:0 analyse=0x3:0x113 me=hex subme=2 psy=1 psy_rd=1.00:0.00 mixed_ref=0 me_range=16 chroma_me=1 trellis=0 8x8dct=1 cqm=0 deadzone=21,11 fast_pskip=1 chroma_qp_offset=0 threads=15 lookahead_threads=5 sliced_threads=0 nr=0 decimate=1 interlaced=0 bluray_compat=0 constrained_intra=0 bframes=3 b_pyramid=2 b_adapt=1 b_bias=0 direct=1 weightb=1 open_gop=0 weightp=1 keyint=250 keyint_min=25 scenecut=40 intra_refresh=0 rc_lookahead=10 rc=crf mbtree=1 crf=18.0 qcomp=0.60 qpmin=0 qpmax=69 qpstep=4 ip_ratio=1.40 aq=1:1.00
Output #0, mp4, to '/Volumes/AIGC/AI-CUT/projects/0622/结果/文案4/auto-edit/edit/segments/segment_08.mp4':
  Metadata:
    major_brand     : isom
    minor_version   : 512
    compatible_brands: isomiso2avc1mp41
    AIGC            : {"ContentProducer":"00119144030008867405X210001","ContentPropagator":"001191310114074811922G00000","Label":"1","ProduceID":"v0d870g10004d649ulvog65u4m4bg1p0","PropagateID":137791495137085687}
    encoder         : Lavf62.3.100
  Stream #0:0(und): Video: h264 (avc1 / 0x31637661), yuv420p(tv, bt709, progressive), 1280x720 [SAR 1:1 DAR 16:9], q=2-31, 30 fps, 15360 tbn (default)
    Metadata:
      encoder         : Lavc62.11.100 libx264
      handler_name    : VideoHandler
      vendor_id       : [0][0][0][0]
    Side data:
      cpb: bitrate max/min/avg: 0/0/0 buffer size: 0 vbv_delay: N/A
frame=   66 fps=0.0 q=24.0 size=     768KiB time=00:00:02.13 bitrate=2949.3kbits/s speed=4.22x elapsed=0:00:00.50    [out#0/mp4 @ 0x703044300] video:2656KiB audio:0KiB subtitle:0KiB other streams:0KiB global headers:0KiB muxing overhead: 0.095736%
frame=  152 fps=0.0 q=-1.0 Lsize=    2659KiB time=00:00:05.00 bitrate=4356.1kbits/s speed=5.64x elapsed=0:00:00.88    
[libx264 @ 0x702c84e00] frame I:6     Avg QP:14.61  size: 52116
[libx264 @ 0x702c84e00] frame P:53    Avg QP:18.04  size: 26877
[libx264 @ 0x702c84e00] frame B:93    Avg QP:19.46  size: 10560
[libx264 @ 0x702c84e00] consecutive B-frames: 13.2%  9.2% 19.7% 57.9%
[libx264 @ 0x702c84e00] mb I  I16..4: 28.6% 23.1% 48.3%
[libx264 @ 0x702c84e00] mb P  I16..4: 10.5% 30.7% 13.8%  P16..4:  8.3%  7.3%  4.6%  0.0%  0.0%    skip:24.9%
[libx264 @ 0x702c84e00] mb B  I16..4:  2.0%  9.4%  3.5%  B16..8:  9.9%  6.0%  1.7%  direct: 3.7%  skip:63.8%  L0:42.6% L1:43.6% BI:13.8%
[libx264 @ 0x702c84e00] 8x8 transform intra:53.9% inter:26.4%
[libx264 @ 0x702c84e00] coded y,uvDC,uvAC intra: 67.7% 32.6% 3.8% inter: 9.8% 4.6% 0.0%
[libx264 @ 0x702c84e00] i16 v,h,dc,p: 45% 35% 10% 10%
[libx264 @ 0x702c84e00] i8 v,h,dc,ddl,ddr,vr,hd,vl,hu: 16% 40% 14%  3%  5%  4%  6%  4%  8%
[libx264 @ 0x702c84e00] i4 v,h,dc,ddl,ddr,vr,hd,vl,hu: 19% 36% 12%  3%  8%  5%  6%  4%  7%
[libx264 @ 0x702c84e00] i8c dc,h,v,p: 55% 29% 13%  3%
[libx264 @ 0x702c84e00] Weighted P-Frames: Y:1.9% UV:0.0%
[libx264 @ 0x702c84e00] kb/s:4293.62
ffmpeg -hide_banner -y -ss 0.000 -i /Volumes/AIGC/AI-CUT/projects/0622/素材/视频/影像内容/微信视频2026-06-21_220234_765.mp4 -t 5.070 -an -vf scale=1280:720:force_original_aspect_ratio=decrease,pad=1280:720:(ow-iw)/2:(oh-ih)/2:color=black,setsar=1,fps=30,format=yuv420p -r 30 -c:v libx264 -preset veryfast -crf 18 /Volumes/AIGC/AI-CUT/projects/0622/结果/文案4/auto-edit/edit/segments/segment_08.mp4

