Input #0, mov,mp4,m4a,3gp,3g2,mj2, from '/Volumes/AIGC/AI-CUT/projects/0622/素材/视频/操作展示/微信视频2026-06-21_220316_527.mp4':
  Metadata:
    major_brand     : isom
    minor_version   : 512
    compatible_brands: isomiso2avc1mp41
    encoder         : Lavf59.14.100
  Duration: 00:00:11.27, start: 0.000000, bitrate: 3014 kb/s
  Stream #0:0[0x1](und): Video: h264 (High) (avc1 / 0x31637661), yuv420p(tv, bt709, progressive), 720x1280, 2949 kb/s, 29.65 fps, 30 tbr, 90k tbn (default)
    Metadata:
      handler_name    : VideoHandler
      vendor_id       : [0][0][0][0]
  Stream #0:1[0x2](und): Audio: aac (HE-AAC) (mp4a / 0x6134706D), 44100 Hz, stereo, fltp, 56 kb/s (default)
    Metadata:
      handler_name    : SoundHandler
      vendor_id       : [0][0][0][0]
Stream mapping:
  Stream #0:0 -> #0:0 (h264 (native) -> h264 (libx264))
Press [q] to stop, [?] for help
[libx264 @ 0x94ec8ce00] using SAR=1/1
[libx264 @ 0x94ec8ce00] using cpu capabilities: ARMv8 NEON DotProd I8MM
[libx264 @ 0x94ec8ce00] profile High, level 3.1, 4:2:0, 8-bit
[libx264 @ 0x94ec8ce00] 264 - core 165 r3222 b35605a - H.264/MPEG-4 AVC codec - Copyleft 2003-2025 - http://www.videolan.org/x264.html - options: cabac=1 ref=1 deblock=1:0:0 analyse=0x3:0x113 me=hex subme=2 psy=1 psy_rd=1.00:0.00 mixed_ref=0 me_range=16 chroma_me=1 trellis=0 8x8dct=1 cqm=0 deadzone=21,11 fast_pskip=1 chroma_qp_offset=0 threads=15 lookahead_threads=5 sliced_threads=0 nr=0 decimate=1 interlaced=0 bluray_compat=0 constrained_intra=0 bframes=3 b_pyramid=2 b_adapt=1 b_bias=0 direct=1 weightb=1 open_gop=0 weightp=1 keyint=250 keyint_min=25 scenecut=40 intra_refresh=0 rc_lookahead=10 rc=crf mbtree=1 crf=18.0 qcomp=0.60 qpmin=0 qpmax=69 qpstep=4 ip_ratio=1.40 aq=1:1.00
Output #0, mp4, to '/Volumes/AIGC/AI-CUT/projects/0622/结果/文案4/auto-edit/edit/segments/segment_03.mp4':
  Metadata:
    major_brand     : isom
    minor_version   : 512
    compatible_brands: isomiso2avc1mp41
    encoder         : Lavf62.3.100
  Stream #0:0(und): Video: h264 (avc1 / 0x31637661), yuv420p(tv, bt709, progressive), 1280x720 [SAR 1:1 DAR 16:9], q=2-31, 30 fps, 15360 tbn (default)
    Metadata:
      encoder         : Lavc62.11.100 libx264
      handler_name    : VideoHandler
      vendor_id       : [0][0][0][0]
    Side data:
      cpb: bitrate max/min/avg: 0/0/0 buffer size: 0 vbv_delay: N/A
[out#0/mp4 @ 0x94ec38e40] video:1076KiB audio:0KiB subtitle:0KiB other streams:0KiB global headers:0KiB muxing overhead: 0.185162%
frame=   94 fps=0.0 q=-1.0 Lsize=    1078KiB time=00:00:03.06 bitrate=2879.4kbits/s speed=13.2x elapsed=0:00:00.23    
[libx264 @ 0x94ec8ce00] frame I:1     Avg QP: 9.87  size: 64597
[libx264 @ 0x94ec8ce00] frame P:24    Avg QP:16.67  size: 25660
[libx264 @ 0x94ec8ce00] frame B:69    Avg QP:25.62  size:  6096
[libx264 @ 0x94ec8ce00] consecutive B-frames:  2.1%  0.0%  0.0% 97.9%
[libx264 @ 0x94ec8ce00] mb I  I16..4: 68.9%  2.4% 28.7%
[libx264 @ 0x94ec8ce00] mb P  I16..4: 19.6%  1.3%  1.4%  P16..4: 10.6%  9.3%  8.8%  0.0%  0.0%    skip:49.2%
[libx264 @ 0x94ec8ce00] mb B  I16..4:  0.2%  0.1%  0.0%  B16..8:  8.0%  5.4%  1.4%  direct: 5.2%  skip:79.7%  L0:28.3% L1:32.9% BI:38.8%
[libx264 @ 0x94ec8ce00] 8x8 transform intra:5.8% inter:21.0%
[libx264 @ 0x94ec8ce00] coded y,uvDC,uvAC intra: 14.6% 10.3% 4.1% inter: 10.3% 2.6% 0.2%
[libx264 @ 0x94ec8ce00] i16 v,h,dc,p: 96%  2%  1%  1%
[libx264 @ 0x94ec8ce00] i8 v,h,dc,ddl,ddr,vr,hd,vl,hu: 37% 15% 21%  1%  8%  6%  7%  3%  2%
[libx264 @ 0x94ec8ce00] i4 v,h,dc,ddl,ddr,vr,hd,vl,hu: 27% 21% 15%  2% 13%  4%  9%  4%  4%
[libx264 @ 0x94ec8ce00] i8c dc,h,v,p: 88%  6%  6%  1%
[libx264 @ 0x94ec8ce00] Weighted P-Frames: Y:20.8% UV:0.0%
[libx264 @ 0x94ec8ce00] kb/s:2811.18
ffmpeg -hide_banner -y -ss 0.000 -i /Volumes/AIGC/AI-CUT/projects/0622/素材/视频/操作展示/微信视频2026-06-21_220316_527.mp4 -t 3.147 -an -vf scale=1280:720:force_original_aspect_ratio=decrease,pad=1280:720:(ow-iw)/2:(oh-ih)/2:color=black,setsar=1,fps=30,format=yuv420p -r 30 -c:v libx264 -preset veryfast -crf 18 /Volumes/AIGC/AI-CUT/projects/0622/结果/文案4/auto-edit/edit/segments/segment_03.mp4

